No terminales inútiles en la gramática

   K


Terminales no usados en la gramática

   '.'
   AR


Reglas inútiles en la gramática

   89 K: %empty


Estado 170 conflictos: 1 desplazamiento/reducción


Gramática

    0 $accept: prog $end

    1 prog: Mprog exts

    2 Mprog: %empty

    3 exts: exts func
    4     | exts decl
    5     | %empty

    6 func: MAIN '(' ')' Mmain block
    7     | type ptr ID '(' Margs args ')' block

    8 Mmain: %empty

    9 Margs: %empty

   10 block: '{' decls stmts '}'

   11 decls: decls decl
   12      | %empty

   13 decl: list ';'

   14 type: VOID
   15     | INT
   16     | FLOAT
   17     | CHAR

   18 args: args ',' type ptr ID
   19     | type ptr ID

   20 list: list ',' ptr ID
   21     | type ptr ID

   22 ptr: %empty
   23    | '*'

   24 stmts: stmts stmt
   25      | %empty

   26 stmt: ';'
   27     | expr ';'
   28     | IF '(' expr ')' M stmt L
   29     | IF '(' expr ')' M stmt ELSE N L stmt L
   30     | WHILE '(' L expr ')' M stmt N L
   31     | DO L stmt WHILE '(' expr ')' M N L ';'
   32     | FOR '(' expr P ';' L expr M N ';' L expr P N ')' L stmt N
   33     | RETURN expr ';'
   34     | BREAK ';'
   35     | '{' stmts '}'
   36     | error ';'

   37 exprs: exprs ',' expr
   38      | expr

   39 expr: ID '=' expr
   40     | ID PA expr
   41     | ID NA expr
   42     | ID TA expr
   43     | ID DA expr
   44     | ID MA expr
   45     | ID AA expr
   46     | ID XA expr
   47     | ID OA expr
   48     | ID LA expr
   49     | ID RA expr
   50     | expr OR expr
   51     | expr AN expr
   52     | expr '|' expr
   53     | expr '^' expr
   54     | expr '&' expr
   55     | expr EQ expr
   56     | expr NE expr
   57     | expr '<' expr
   58     | expr '>' expr
   59     | expr LE expr
   60     | expr GE expr
   61     | expr LS expr
   62     | expr RS expr
   63     | expr '+' expr
   64     | expr '-' expr
   65     | expr '*' expr
   66     | expr '/' expr
   67     | expr '%' expr
   68     | '!' expr
   69     | '~' expr
   70     | '+' expr
   71     | '-' expr
   72     | '(' expr ')'
   73     | '$' INT8
   74     | PP ID
   75     | NN ID
   76     | ID PP
   77     | ID NN
   78     | ID
   79     | INT8
   80     | INT16
   81     | INT32
   82     | FLT
   83     | STR
   84     | ID '(' exprs ')'

   85 L: %empty

   86 M: %empty

   87 N: %empty

   88 P: %empty


Terminales con las reglas donde aparecen

$end (0) 0
'!' (33) 68
'$' (36) 73
'%' (37) 67
'&' (38) 54
'(' (40) 6 7 28 29 30 31 32 72 84
')' (41) 6 7 28 29 30 31 32 72 84
'*' (42) 23 65
'+' (43) 63 70
',' (44) 18 20 37
'-' (45) 64 71
'.' (46)
'/' (47) 66
';' (59) 13 26 27 31 32 33 34 36
'<' (60) 57
'=' (61) 39
'>' (62) 58
'^' (94) 53
'{' (123) 10 35
'|' (124) 52
'}' (125) 10 35
'~' (126) 69
error (256) 36
ID (258) 7 18 19 20 21 39 40 41 42 43 44 45 46 47 48 49 74 75 76 77
    78 84
INT8 (259) 73 79
INT16 (260) 80
INT32 (261) 81
FLT (262) 82
STR (263) 83
BREAK (264) 34
CHAR (265) 17
DO (266) 31
ELSE (267) 29
FLOAT (268) 16
FOR (269) 32
IF (270) 28 29
INT (271) 15
MAIN (272) 6
RETURN (273) 33
VOID (274) 14
WHILE (275) 30 31
PA (276) 40
NA (277) 41
TA (278) 42
DA (279) 43
MA (280) 44
AA (281) 45
XA (282) 46
OA (283) 47
LA (284) 48
RA (285) 49
OR (286) 50
AN (287) 51
EQ (288) 55
NE (289) 56
LE (290) 59
GE (291) 60
LS (292) 61
RS (293) 62
PP (294) 74 76
NN (295) 75 77
AR (296)


No terminales con las reglas donde aparecen

$accept (63)
    en la izquierda: 0
prog (64)
    en la izquierda: 1, en la derecha: 0
Mprog (65)
    en la izquierda: 2, en la derecha: 1
exts (66)
    en la izquierda: 3 4 5, en la derecha: 1 3 4
func (67)
    en la izquierda: 6 7, en la derecha: 3
Mmain (68)
    en la izquierda: 8, en la derecha: 6
Margs (69)
    en la izquierda: 9, en la derecha: 7
block (70)
    en la izquierda: 10, en la derecha: 6 7
decls (71)
    en la izquierda: 11 12, en la derecha: 10 11
decl (72)
    en la izquierda: 13, en la derecha: 4 11
type (73)
    en la izquierda: 14 15 16 17, en la derecha: 7 18 19 21
args (74)
    en la izquierda: 18 19, en la derecha: 7 18
list (75)
    en la izquierda: 20 21, en la derecha: 13 20
ptr (76)
    en la izquierda: 22 23, en la derecha: 7 18 19 20 21
stmts (77)
    en la izquierda: 24 25, en la derecha: 10 24 35
stmt (78)
    en la izquierda: 26 27 28 29 30 31 32 33 34 35 36, en la derecha:
    24 28 29 30 31 32
exprs (79)
    en la izquierda: 37 38, en la derecha: 37 84
expr (80)
    en la izquierda: 39 40 41 42 43 44 45 46 47 48 49 50 51 52 53 54
    55 56 57 58 59 60 61 62 63 64 65 66 67 68 69 70 71 72 73 74 75
    76 77 78 79 80 81 82 83 84, en la derecha: 27 28 29 30 31 32 33
    37 38 39 40 41 42 43 44 45 46 47 48 49 50 51 52 53 54 55 56 57
    58 59 60 61 62 63 64 65 66 67 68 69 70 71 72
L (81)
    en la izquierda: 85, en la derecha: 28 29 30 31 32
M (82)
    en la izquierda: 86, en la derecha: 28 29 30 31 32
N (83)
    en la izquierda: 87, en la derecha: 29 30 31 32
P (84)
    en la izquierda: 88, en la derecha: 32


Estado 0

    0 $accept: . prog $end

    $default  reduce usando la regla 2 (Mprog)

    prog   ir al estado 1
    Mprog  ir al estado 2


Estado 1

    0 $accept: prog . $end

    $end  desplazar e ir al estado 3


Estado 2

    1 prog: Mprog . exts

    $default  reduce usando la regla 5 (exts)

    exts  ir al estado 4


Estado 3

    0 $accept: prog $end .

    $default  aceptar


Estado 4

    1 prog: Mprog exts .
    3 exts: exts . func
    4     | exts . decl

    CHAR   desplazar e ir al estado 5
    FLOAT  desplazar e ir al estado 6
    INT    desplazar e ir al estado 7
    MAIN   desplazar e ir al estado 8
    VOID   desplazar e ir al estado 9

    $default  reduce usando la regla 1 (prog)

    func  ir al estado 10
    decl  ir al estado 11
    type  ir al estado 12
    list  ir al estado 13


Estado 5

   17 type: CHAR .

    $default  reduce usando la regla 17 (type)


Estado 6

   16 type: FLOAT .

    $default  reduce usando la regla 16 (type)


Estado 7

   15 type: INT .

    $default  reduce usando la regla 15 (type)


Estado 8

    6 func: MAIN . '(' ')' Mmain block

    '('  desplazar e ir al estado 14


Estado 9

   14 type: VOID .

    $default  reduce usando la regla 14 (type)


Estado 10

    3 exts: exts func .

    $default  reduce usando la regla 3 (exts)


Estado 11

    4 exts: exts decl .

    $default  reduce usando la regla 4 (exts)


Estado 12

    7 func: type . ptr ID '(' Margs args ')' block
   21 list: type . ptr ID

    '*'  desplazar e ir al estado 15

    $default  reduce usando la regla 22 (ptr)

    ptr  ir al estado 16


Estado 13

   13 decl: list . ';'
   20 list: list . ',' ptr ID

    ';'  desplazar e ir al estado 17
    ','  desplazar e ir al estado 18


Estado 14

    6 func: MAIN '(' . ')' Mmain block

    ')'  desplazar e ir al estado 19


Estado 15

   23 ptr: '*' .

    $default  reduce usando la regla 23 (ptr)


Estado 16

    7 func: type ptr . ID '(' Margs args ')' block
   21 list: type ptr . ID

    ID  desplazar e ir al estado 20


Estado 17

   13 decl: list ';' .

    $default  reduce usando la regla 13 (decl)


Estado 18

   20 list: list ',' . ptr ID

    '*'  desplazar e ir al estado 15

    $default  reduce usando la regla 22 (ptr)

    ptr  ir al estado 21


Estado 19

    6 func: MAIN '(' ')' . Mmain block

    $default  reduce usando la regla 8 (Mmain)

    Mmain  ir al estado 22


Estado 20

    7 func: type ptr ID . '(' Margs args ')' block
   21 list: type ptr ID .

    '('  desplazar e ir al estado 23

    $default  reduce usando la regla 21 (list)


Estado 21

   20 list: list ',' ptr . ID

    ID  desplazar e ir al estado 24


Estado 22

    6 func: MAIN '(' ')' Mmain . block

    '{'  desplazar e ir al estado 25

    block  ir al estado 26


Estado 23

    7 func: type ptr ID '(' . Margs args ')' block

    $default  reduce usando la regla 9 (Margs)

    Margs  ir al estado 27


Estado 24

   20 list: list ',' ptr ID .

    $default  reduce usando la regla 20 (list)


Estado 25

   10 block: '{' . decls stmts '}'

    $default  reduce usando la regla 12 (decls)

    decls  ir al estado 28


Estado 26

    6 func: MAIN '(' ')' Mmain block .

    $default  reduce usando la regla 6 (func)


Estado 27

    7 func: type ptr ID '(' Margs . args ')' block

    CHAR   desplazar e ir al estado 5
    FLOAT  desplazar e ir al estado 6
    INT    desplazar e ir al estado 7
    VOID   desplazar e ir al estado 9

    type  ir al estado 29
    args  ir al estado 30


Estado 28

   10 block: '{' decls . stmts '}'
   11 decls: decls . decl

    CHAR   desplazar e ir al estado 5
    FLOAT  desplazar e ir al estado 6
    INT    desplazar e ir al estado 7
    VOID   desplazar e ir al estado 9

    $default  reduce usando la regla 25 (stmts)

    decl   ir al estado 31
    type   ir al estado 32
    list   ir al estado 13
    stmts  ir al estado 33


Estado 29

   19 args: type . ptr ID

    '*'  desplazar e ir al estado 15

    $default  reduce usando la regla 22 (ptr)

    ptr  ir al estado 34


Estado 30

    7 func: type ptr ID '(' Margs args . ')' block
   18 args: args . ',' type ptr ID

    ')'  desplazar e ir al estado 35
    ','  desplazar e ir al estado 36


Estado 31

   11 decls: decls decl .

    $default  reduce usando la regla 11 (decls)


Estado 32

   21 list: type . ptr ID

    '*'  desplazar e ir al estado 15

    $default  reduce usando la regla 22 (ptr)

    ptr  ir al estado 37


Estado 33

   10 block: '{' decls stmts . '}'
   24 stmts: stmts . stmt

    error   desplazar e ir al estado 38
    ID      desplazar e ir al estado 39
    INT8    desplazar e ir al estado 40
    INT16   desplazar e ir al estado 41
    INT32   desplazar e ir al estado 42
    FLT     desplazar e ir al estado 43
    STR     desplazar e ir al estado 44
    BREAK   desplazar e ir al estado 45
    DO      desplazar e ir al estado 46
    FOR     desplazar e ir al estado 47
    IF      desplazar e ir al estado 48
    RETURN  desplazar e ir al estado 49
    WHILE   desplazar e ir al estado 50
    '+'     desplazar e ir al estado 51
    '-'     desplazar e ir al estado 52
    '!'     desplazar e ir al estado 53
    '~'     desplazar e ir al estado 54
    PP      desplazar e ir al estado 55
    NN      desplazar e ir al estado 56
    '('     desplazar e ir al estado 57
    '{'     desplazar e ir al estado 58
    '}'     desplazar e ir al estado 59
    ';'     desplazar e ir al estado 60
    '$'     desplazar e ir al estado 61

    stmt  ir al estado 62
    expr  ir al estado 63


Estado 34

   19 args: type ptr . ID

    ID  desplazar e ir al estado 64


Estado 35

    7 func: type ptr ID '(' Margs args ')' . block

    '{'  desplazar e ir al estado 25

    block  ir al estado 65


Estado 36

   18 args: args ',' . type ptr ID

    CHAR   desplazar e ir al estado 5
    FLOAT  desplazar e ir al estado 6
    INT    desplazar e ir al estado 7
    VOID   desplazar e ir al estado 9

    type  ir al estado 66


Estado 37

   21 list: type ptr . ID

    ID  desplazar e ir al estado 67


Estado 38

   36 stmt: error . ';'

    ';'  desplazar e ir al estado 68


Estado 39

   39 expr: ID . '=' expr
   40     | ID . PA expr
   41     | ID . NA expr
   42     | ID . TA expr
   43     | ID . DA expr
   44     | ID . MA expr
   45     | ID . AA expr
   46     | ID . XA expr
   47     | ID . OA expr
   48     | ID . LA expr
   49     | ID . RA expr
   76     | ID . PP
   77     | ID . NN
   78     | ID .
   84     | ID . '(' exprs ')'

    '='  desplazar e ir al estado 69
    PA   desplazar e ir al estado 70
    NA   desplazar e ir al estado 71
    TA   desplazar e ir al estado 72
    DA   desplazar e ir al estado 73
    MA   desplazar e ir al estado 74
    AA   desplazar e ir al estado 75
    XA   desplazar e ir al estado 76
    OA   desplazar e ir al estado 77
    LA   desplazar e ir al estado 78
    RA   desplazar e ir al estado 79
    PP   desplazar e ir al estado 80
    NN   desplazar e ir al estado 81
    '('  desplazar e ir al estado 82

    $default  reduce usando la regla 78 (expr)


Estado 40

   79 expr: INT8 .

    $default  reduce usando la regla 79 (expr)


Estado 41

   80 expr: INT16 .

    $default  reduce usando la regla 80 (expr)


Estado 42

   81 expr: INT32 .

    $default  reduce usando la regla 81 (expr)


Estado 43

   82 expr: FLT .

    $default  reduce usando la regla 82 (expr)


Estado 44

   83 expr: STR .

    $default  reduce usando la regla 83 (expr)


Estado 45

   34 stmt: BREAK . ';'

    ';'  desplazar e ir al estado 83


Estado 46

   31 stmt: DO . L stmt WHILE '(' expr ')' M N L ';'

    $default  reduce usando la regla 85 (L)

    L  ir al estado 84


Estado 47

   32 stmt: FOR . '(' expr P ';' L expr M N ';' L expr P N ')' L stmt N

    '('  desplazar e ir al estado 85


Estado 48

   28 stmt: IF . '(' expr ')' M stmt L
   29     | IF . '(' expr ')' M stmt ELSE N L stmt L

    '('  desplazar e ir al estado 86


Estado 49

   33 stmt: RETURN . expr ';'

    ID     desplazar e ir al estado 39
    INT8   desplazar e ir al estado 40
    INT16  desplazar e ir al estado 41
    INT32  desplazar e ir al estado 42
    FLT    desplazar e ir al estado 43
    STR    desplazar e ir al estado 44
    '+'    desplazar e ir al estado 51
    '-'    desplazar e ir al estado 52
    '!'    desplazar e ir al estado 53
    '~'    desplazar e ir al estado 54
    PP     desplazar e ir al estado 55
    NN     desplazar e ir al estado 56
    '('    desplazar e ir al estado 57
    '$'    desplazar e ir al estado 61

    expr  ir al estado 87


Estado 50

   30 stmt: WHILE . '(' L expr ')' M stmt N L

    '('  desplazar e ir al estado 88


Estado 51

   70 expr: '+' . expr

    ID     desplazar e ir al estado 39
    INT8   desplazar e ir al estado 40
    INT16  desplazar e ir al estado 41
    INT32  desplazar e ir al estado 42
    FLT    desplazar e ir al estado 43
    STR    desplazar e ir al estado 44
    '+'    desplazar e ir al estado 51
    '-'    desplazar e ir al estado 52
    '!'    desplazar e ir al estado 53
    '~'    desplazar e ir al estado 54
    PP     desplazar e ir al estado 55
    NN     desplazar e ir al estado 56
    '('    desplazar e ir al estado 57
    '$'    desplazar e ir al estado 61

    expr  ir al estado 89


Estado 52

   71 expr: '-' . expr

    ID     desplazar e ir al estado 39
    INT8   desplazar e ir al estado 40
    INT16  desplazar e ir al estado 41
    INT32  desplazar e ir al estado 42
    FLT    desplazar e ir al estado 43
    STR    desplazar e ir al estado 44
    '+'    desplazar e ir al estado 51
    '-'    desplazar e ir al estado 52
    '!'    desplazar e ir al estado 53
    '~'    desplazar e ir al estado 54
    PP     desplazar e ir al estado 55
    NN     desplazar e ir al estado 56
    '('    desplazar e ir al estado 57
    '$'    desplazar e ir al estado 61

    expr  ir al estado 90


Estado 53

   68 expr: '!' . expr

    ID     desplazar e ir al estado 39
    INT8   desplazar e ir al estado 40
    INT16  desplazar e ir al estado 41
    INT32  desplazar e ir al estado 42
    FLT    desplazar e ir al estado 43
    STR    desplazar e ir al estado 44
    '+'    desplazar e ir al estado 51
    '-'    desplazar e ir al estado 52
    '!'    desplazar e ir al estado 53
    '~'    desplazar e ir al estado 54
    PP     desplazar e ir al estado 55
    NN     desplazar e ir al estado 56
    '('    desplazar e ir al estado 57
    '$'    desplazar e ir al estado 61

    expr  ir al estado 91


Estado 54

   69 expr: '~' . expr

    ID     desplazar e ir al estado 39
    INT8   desplazar e ir al estado 40
    INT16  desplazar e ir al estado 41
    INT32  desplazar e ir al estado 42
    FLT    desplazar e ir al estado 43
    STR    desplazar e ir al estado 44
    '+'    desplazar e ir al estado 51
    '-'    desplazar e ir al estado 52
    '!'    desplazar e ir al estado 53
    '~'    desplazar e ir al estado 54
    PP     desplazar e ir al estado 55
    NN     desplazar e ir al estado 56
    '('    desplazar e ir al estado 57
    '$'    desplazar e ir al estado 61

    expr  ir al estado 92


Estado 55

   74 expr: PP . ID

    ID  desplazar e ir al estado 93


Estado 56

   75 expr: NN . ID

    ID  desplazar e ir al estado 94


Estado 57

   72 expr: '(' . expr ')'

    ID     desplazar e ir al estado 39
    INT8   desplazar e ir al estado 40
    INT16  desplazar e ir al estado 41
    INT32  desplazar e ir al estado 42
    FLT    desplazar e ir al estado 43
    STR    desplazar e ir al estado 44
    '+'    desplazar e ir al estado 51
    '-'    desplazar e ir al estado 52
    '!'    desplazar e ir al estado 53
    '~'    desplazar e ir al estado 54
    PP     desplazar e ir al estado 55
    NN     desplazar e ir al estado 56
    '('    desplazar e ir al estado 57
    '$'    desplazar e ir al estado 61

    expr  ir al estado 95


Estado 58

   35 stmt: '{' . stmts '}'

    $default  reduce usando la regla 25 (stmts)

    stmts  ir al estado 96


Estado 59

   10 block: '{' decls stmts '}' .

    $default  reduce usando la regla 10 (block)


Estado 60

   26 stmt: ';' .

    $default  reduce usando la regla 26 (stmt)


Estado 61

   73 expr: '$' . INT8

    INT8  desplazar e ir al estado 97


Estado 62

   24 stmts: stmts stmt .

    $default  reduce usando la regla 24 (stmts)


Estado 63

   27 stmt: expr . ';'
   50 expr: expr . OR expr
   51     | expr . AN expr
   52     | expr . '|' expr
   53     | expr . '^' expr
   54     | expr . '&' expr
   55     | expr . EQ expr
   56     | expr . NE expr
   57     | expr . '<' expr
   58     | expr . '>' expr
   59     | expr . LE expr
   60     | expr . GE expr
   61     | expr . LS expr
   62     | expr . RS expr
   63     | expr . '+' expr
   64     | expr . '-' expr
   65     | expr . '*' expr
   66     | expr . '/' expr
   67     | expr . '%' expr

    OR   desplazar e ir al estado 98
    AN   desplazar e ir al estado 99
    '|'  desplazar e ir al estado 100
    '^'  desplazar e ir al estado 101
    '&'  desplazar e ir al estado 102
    EQ   desplazar e ir al estado 103
    NE   desplazar e ir al estado 104
    LE   desplazar e ir al estado 105
    '<'  desplazar e ir al estado 106
    GE   desplazar e ir al estado 107
    '>'  desplazar e ir al estado 108
    LS   desplazar e ir al estado 109
    RS   desplazar e ir al estado 110
    '+'  desplazar e ir al estado 111
    '-'  desplazar e ir al estado 112
    '*'  desplazar e ir al estado 113
    '/'  desplazar e ir al estado 114
    '%'  desplazar e ir al estado 115
    ';'  desplazar e ir al estado 116


Estado 64

   19 args: type ptr ID .

    $default  reduce usando la regla 19 (args)


Estado 65

    7 func: type ptr ID '(' Margs args ')' block .

    $default  reduce usando la regla 7 (func)


Estado 66

   18 args: args ',' type . ptr ID

    '*'  desplazar e ir al estado 15

    $default  reduce usando la regla 22 (ptr)

    ptr  ir al estado 117


Estado 67

   21 list: type ptr ID .

    $default  reduce usando la regla 21 (list)


Estado 68

   36 stmt: error ';' .

    $default  reduce usando la regla 36 (stmt)


Estado 69

   39 expr: ID '=' . expr

    ID     desplazar e ir al estado 39
    INT8   desplazar e ir al estado 40
    INT16  desplazar e ir al estado 41
    INT32  desplazar e ir al estado 42
    FLT    desplazar e ir al estado 43
    STR    desplazar e ir al estado 44
    '+'    desplazar e ir al estado 51
    '-'    desplazar e ir al estado 52
    '!'    desplazar e ir al estado 53
    '~'    desplazar e ir al estado 54
    PP     desplazar e ir al estado 55
    NN     desplazar e ir al estado 56
    '('    desplazar e ir al estado 57
    '$'    desplazar e ir al estado 61

    expr  ir al estado 118


Estado 70

   40 expr: ID PA . expr

    ID     desplazar e ir al estado 39
    INT8   desplazar e ir al estado 40
    INT16  desplazar e ir al estado 41
    INT32  desplazar e ir al estado 42
    FLT    desplazar e ir al estado 43
    STR    desplazar e ir al estado 44
    '+'    desplazar e ir al estado 51
    '-'    desplazar e ir al estado 52
    '!'    desplazar e ir al estado 53
    '~'    desplazar e ir al estado 54
    PP     desplazar e ir al estado 55
    NN     desplazar e ir al estado 56
    '('    desplazar e ir al estado 57
    '$'    desplazar e ir al estado 61

    expr  ir al estado 119


Estado 71

   41 expr: ID NA . expr

    ID     desplazar e ir al estado 39
    INT8   desplazar e ir al estado 40
    INT16  desplazar e ir al estado 41
    INT32  desplazar e ir al estado 42
    FLT    desplazar e ir al estado 43
    STR    desplazar e ir al estado 44
    '+'    desplazar e ir al estado 51
    '-'    desplazar e ir al estado 52
    '!'    desplazar e ir al estado 53
    '~'    desplazar e ir al estado 54
    PP     desplazar e ir al estado 55
    NN     desplazar e ir al estado 56
    '('    desplazar e ir al estado 57
    '$'    desplazar e ir al estado 61

    expr  ir al estado 120


Estado 72

   42 expr: ID TA . expr

    ID     desplazar e ir al estado 39
    INT8   desplazar e ir al estado 40
    INT16  desplazar e ir al estado 41
    INT32  desplazar e ir al estado 42
    FLT    desplazar e ir al estado 43
    STR    desplazar e ir al estado 44
    '+'    desplazar e ir al estado 51
    '-'    desplazar e ir al estado 52
    '!'    desplazar e ir al estado 53
    '~'    desplazar e ir al estado 54
    PP     desplazar e ir al estado 55
    NN     desplazar e ir al estado 56
    '('    desplazar e ir al estado 57
    '$'    desplazar e ir al estado 61

    expr  ir al estado 121


Estado 73

   43 expr: ID DA . expr

    ID     desplazar e ir al estado 39
    INT8   desplazar e ir al estado 40
    INT16  desplazar e ir al estado 41
    INT32  desplazar e ir al estado 42
    FLT    desplazar e ir al estado 43
    STR    desplazar e ir al estado 44
    '+'    desplazar e ir al estado 51
    '-'    desplazar e ir al estado 52
    '!'    desplazar e ir al estado 53
    '~'    desplazar e ir al estado 54
    PP     desplazar e ir al estado 55
    NN     desplazar e ir al estado 56
    '('    desplazar e ir al estado 57
    '$'    desplazar e ir al estado 61

    expr  ir al estado 122


Estado 74

   44 expr: ID MA . expr

    ID     desplazar e ir al estado 39
    INT8   desplazar e ir al estado 40
    INT16  desplazar e ir al estado 41
    INT32  desplazar e ir al estado 42
    FLT    desplazar e ir al estado 43
    STR    desplazar e ir al estado 44
    '+'    desplazar e ir al estado 51
    '-'    desplazar e ir al estado 52
    '!'    desplazar e ir al estado 53
    '~'    desplazar e ir al estado 54
    PP     desplazar e ir al estado 55
    NN     desplazar e ir al estado 56
    '('    desplazar e ir al estado 57
    '$'    desplazar e ir al estado 61

    expr  ir al estado 123


Estado 75

   45 expr: ID AA . expr

    ID     desplazar e ir al estado 39
    INT8   desplazar e ir al estado 40
    INT16  desplazar e ir al estado 41
    INT32  desplazar e ir al estado 42
    FLT    desplazar e ir al estado 43
    STR    desplazar e ir al estado 44
    '+'    desplazar e ir al estado 51
    '-'    desplazar e ir al estado 52
    '!'    desplazar e ir al estado 53
    '~'    desplazar e ir al estado 54
    PP     desplazar e ir al estado 55
    NN     desplazar e ir al estado 56
    '('    desplazar e ir al estado 57
    '$'    desplazar e ir al estado 61

    expr  ir al estado 124


Estado 76

   46 expr: ID XA . expr

    ID     desplazar e ir al estado 39
    INT8   desplazar e ir al estado 40
    INT16  desplazar e ir al estado 41
    INT32  desplazar e ir al estado 42
    FLT    desplazar e ir al estado 43
    STR    desplazar e ir al estado 44
    '+'    desplazar e ir al estado 51
    '-'    desplazar e ir al estado 52
    '!'    desplazar e ir al estado 53
    '~'    desplazar e ir al estado 54
    PP     desplazar e ir al estado 55
    NN     desplazar e ir al estado 56
    '('    desplazar e ir al estado 57
    '$'    desplazar e ir al estado 61

    expr  ir al estado 125


Estado 77

   47 expr: ID OA . expr

    ID     desplazar e ir al estado 39
    INT8   desplazar e ir al estado 40
    INT16  desplazar e ir al estado 41
    INT32  desplazar e ir al estado 42
    FLT    desplazar e ir al estado 43
    STR    desplazar e ir al estado 44
    '+'    desplazar e ir al estado 51
    '-'    desplazar e ir al estado 52
    '!'    desplazar e ir al estado 53
    '~'    desplazar e ir al estado 54
    PP     desplazar e ir al estado 55
    NN     desplazar e ir al estado 56
    '('    desplazar e ir al estado 57
    '$'    desplazar e ir al estado 61

    expr  ir al estado 126


Estado 78

   48 expr: ID LA . expr

    ID     desplazar e ir al estado 39
    INT8   desplazar e ir al estado 40
    INT16  desplazar e ir al estado 41
    INT32  desplazar e ir al estado 42
    FLT    desplazar e ir al estado 43
    STR    desplazar e ir al estado 44
    '+'    desplazar e ir al estado 51
    '-'    desplazar e ir al estado 52
    '!'    desplazar e ir al estado 53
    '~'    desplazar e ir al estado 54
    PP     desplazar e ir al estado 55
    NN     desplazar e ir al estado 56
    '('    desplazar e ir al estado 57
    '$'    desplazar e ir al estado 61

    expr  ir al estado 127


Estado 79

   49 expr: ID RA . expr

    ID     desplazar e ir al estado 39
    INT8   desplazar e ir al estado 40
    INT16  desplazar e ir al estado 41
    INT32  desplazar e ir al estado 42
    FLT    desplazar e ir al estado 43
    STR    desplazar e ir al estado 44
    '+'    desplazar e ir al estado 51
    '-'    desplazar e ir al estado 52
    '!'    desplazar e ir al estado 53
    '~'    desplazar e ir al estado 54
    PP     desplazar e ir al estado 55
    NN     desplazar e ir al estado 56
    '('    desplazar e ir al estado 57
    '$'    desplazar e ir al estado 61

    expr  ir al estado 128


Estado 80

   76 expr: ID PP .

    $default  reduce usando la regla 76 (expr)


Estado 81

   77 expr: ID NN .

    $default  reduce usando la regla 77 (expr)


Estado 82

   84 expr: ID '(' . exprs ')'

    ID     desplazar e ir al estado 39
    INT8   desplazar e ir al estado 40
    INT16  desplazar e ir al estado 41
    INT32  desplazar e ir al estado 42
    FLT    desplazar e ir al estado 43
    STR    desplazar e ir al estado 44
    '+'    desplazar e ir al estado 51
    '-'    desplazar e ir al estado 52
    '!'    desplazar e ir al estado 53
    '~'    desplazar e ir al estado 54
    PP     desplazar e ir al estado 55
    NN     desplazar e ir al estado 56
    '('    desplazar e ir al estado 57
    '$'    desplazar e ir al estado 61

    exprs  ir al estado 129
    expr   ir al estado 130


Estado 83

   34 stmt: BREAK ';' .

    $default  reduce usando la regla 34 (stmt)


Estado 84

   31 stmt: DO L . stmt WHILE '(' expr ')' M N L ';'

    error   desplazar e ir al estado 38
    ID      desplazar e ir al estado 39
    INT8    desplazar e ir al estado 40
    INT16   desplazar e ir al estado 41
    INT32   desplazar e ir al estado 42
    FLT     desplazar e ir al estado 43
    STR     desplazar e ir al estado 44
    BREAK   desplazar e ir al estado 45
    DO      desplazar e ir al estado 46
    FOR     desplazar e ir al estado 47
    IF      desplazar e ir al estado 48
    RETURN  desplazar e ir al estado 49
    WHILE   desplazar e ir al estado 50
    '+'     desplazar e ir al estado 51
    '-'     desplazar e ir al estado 52
    '!'     desplazar e ir al estado 53
    '~'     desplazar e ir al estado 54
    PP      desplazar e ir al estado 55
    NN      desplazar e ir al estado 56
    '('     desplazar e ir al estado 57
    '{'     desplazar e ir al estado 58
    ';'     desplazar e ir al estado 60
    '$'     desplazar e ir al estado 61

    stmt  ir al estado 131
    expr  ir al estado 63


Estado 85

   32 stmt: FOR '(' . expr P ';' L expr M N ';' L expr P N ')' L stmt N

    ID     desplazar e ir al estado 39
    INT8   desplazar e ir al estado 40
    INT16  desplazar e ir al estado 41
    INT32  desplazar e ir al estado 42
    FLT    desplazar e ir al estado 43
    STR    desplazar e ir al estado 44
    '+'    desplazar e ir al estado 51
    '-'    desplazar e ir al estado 52
    '!'    desplazar e ir al estado 53
    '~'    desplazar e ir al estado 54
    PP     desplazar e ir al estado 55
    NN     desplazar e ir al estado 56
    '('    desplazar e ir al estado 57
    '$'    desplazar e ir al estado 61

    expr  ir al estado 132


Estado 86

   28 stmt: IF '(' . expr ')' M stmt L
   29     | IF '(' . expr ')' M stmt ELSE N L stmt L

    ID     desplazar e ir al estado 39
    INT8   desplazar e ir al estado 40
    INT16  desplazar e ir al estado 41
    INT32  desplazar e ir al estado 42
    FLT    desplazar e ir al estado 43
    STR    desplazar e ir al estado 44
    '+'    desplazar e ir al estado 51
    '-'    desplazar e ir al estado 52
    '!'    desplazar e ir al estado 53
    '~'    desplazar e ir al estado 54
    PP     desplazar e ir al estado 55
    NN     desplazar e ir al estado 56
    '('    desplazar e ir al estado 57
    '$'    desplazar e ir al estado 61

    expr  ir al estado 133


Estado 87

   33 stmt: RETURN expr . ';'
   50 expr: expr . OR expr
   51     | expr . AN expr
   52     | expr . '|' expr
   53     | expr . '^' expr
   54     | expr . '&' expr
   55     | expr . EQ expr
   56     | expr . NE expr
   57     | expr . '<' expr
   58     | expr . '>' expr
   59     | expr . LE expr
   60     | expr . GE expr
   61     | expr . LS expr
   62     | expr . RS expr
   63     | expr . '+' expr
   64     | expr . '-' expr
   65     | expr . '*' expr
   66     | expr . '/' expr
   67     | expr . '%' expr

    OR   desplazar e ir al estado 98
    AN   desplazar e ir al estado 99
    '|'  desplazar e ir al estado 100
    '^'  desplazar e ir al estado 101
    '&'  desplazar e ir al estado 102
    EQ   desplazar e ir al estado 103
    NE   desplazar e ir al estado 104
    LE   desplazar e ir al estado 105
    '<'  desplazar e ir al estado 106
    GE   desplazar e ir al estado 107
    '>'  desplazar e ir al estado 108
    LS   desplazar e ir al estado 109
    RS   desplazar e ir al estado 110
    '+'  desplazar e ir al estado 111
    '-'  desplazar e ir al estado 112
    '*'  desplazar e ir al estado 113
    '/'  desplazar e ir al estado 114
    '%'  desplazar e ir al estado 115
    ';'  desplazar e ir al estado 134


Estado 88

   30 stmt: WHILE '(' . L expr ')' M stmt N L

    $default  reduce usando la regla 85 (L)

    L  ir al estado 135


Estado 89

   50 expr: expr . OR expr
   51     | expr . AN expr
   52     | expr . '|' expr
   53     | expr . '^' expr
   54     | expr . '&' expr
   55     | expr . EQ expr
   56     | expr . NE expr
   57     | expr . '<' expr
   58     | expr . '>' expr
   59     | expr . LE expr
   60     | expr . GE expr
   61     | expr . LS expr
   62     | expr . RS expr
   63     | expr . '+' expr
   64     | expr . '-' expr
   65     | expr . '*' expr
   66     | expr . '/' expr
   67     | expr . '%' expr
   70     | '+' expr .

    $default  reduce usando la regla 70 (expr)


Estado 90

   50 expr: expr . OR expr
   51     | expr . AN expr
   52     | expr . '|' expr
   53     | expr . '^' expr
   54     | expr . '&' expr
   55     | expr . EQ expr
   56     | expr . NE expr
   57     | expr . '<' expr
   58     | expr . '>' expr
   59     | expr . LE expr
   60     | expr . GE expr
   61     | expr . LS expr
   62     | expr . RS expr
   63     | expr . '+' expr
   64     | expr . '-' expr
   65     | expr . '*' expr
   66     | expr . '/' expr
   67     | expr . '%' expr
   71     | '-' expr .

    $default  reduce usando la regla 71 (expr)


Estado 91

   50 expr: expr . OR expr
   51     | expr . AN expr
   52     | expr . '|' expr
   53     | expr . '^' expr
   54     | expr . '&' expr
   55     | expr . EQ expr
   56     | expr . NE expr
   57     | expr . '<' expr
   58     | expr . '>' expr
   59     | expr . LE expr
   60     | expr . GE expr
   61     | expr . LS expr
   62     | expr . RS expr
   63     | expr . '+' expr
   64     | expr . '-' expr
   65     | expr . '*' expr
   66     | expr . '/' expr
   67     | expr . '%' expr
   68     | '!' expr .

    $default  reduce usando la regla 68 (expr)


Estado 92

   50 expr: expr . OR expr
   51     | expr . AN expr
   52     | expr . '|' expr
   53     | expr . '^' expr
   54     | expr . '&' expr
   55     | expr . EQ expr
   56     | expr . NE expr
   57     | expr . '<' expr
   58     | expr . '>' expr
   59     | expr . LE expr
   60     | expr . GE expr
   61     | expr . LS expr
   62     | expr . RS expr
   63     | expr . '+' expr
   64     | expr . '-' expr
   65     | expr . '*' expr
   66     | expr . '/' expr
   67     | expr . '%' expr
   69     | '~' expr .

    $default  reduce usando la regla 69 (expr)


Estado 93

   74 expr: PP ID .

    $default  reduce usando la regla 74 (expr)


Estado 94

   75 expr: NN ID .

    $default  reduce usando la regla 75 (expr)


Estado 95

   50 expr: expr . OR expr
   51     | expr . AN expr
   52     | expr . '|' expr
   53     | expr . '^' expr
   54     | expr . '&' expr
   55     | expr . EQ expr
   56     | expr . NE expr
   57     | expr . '<' expr
   58     | expr . '>' expr
   59     | expr . LE expr
   60     | expr . GE expr
   61     | expr . LS expr
   62     | expr . RS expr
   63     | expr . '+' expr
   64     | expr . '-' expr
   65     | expr . '*' expr
   66     | expr . '/' expr
   67     | expr . '%' expr
   72     | '(' expr . ')'

    OR   desplazar e ir al estado 98
    AN   desplazar e ir al estado 99
    '|'  desplazar e ir al estado 100
    '^'  desplazar e ir al estado 101
    '&'  desplazar e ir al estado 102
    EQ   desplazar e ir al estado 103
    NE   desplazar e ir al estado 104
    LE   desplazar e ir al estado 105
    '<'  desplazar e ir al estado 106
    GE   desplazar e ir al estado 107
    '>'  desplazar e ir al estado 108
    LS   desplazar e ir al estado 109
    RS   desplazar e ir al estado 110
    '+'  desplazar e ir al estado 111
    '-'  desplazar e ir al estado 112
    '*'  desplazar e ir al estado 113
    '/'  desplazar e ir al estado 114
    '%'  desplazar e ir al estado 115
    ')'  desplazar e ir al estado 136


Estado 96

   24 stmts: stmts . stmt
   35 stmt: '{' stmts . '}'

    error   desplazar e ir al estado 38
    ID      desplazar e ir al estado 39
    INT8    desplazar e ir al estado 40
    INT16   desplazar e ir al estado 41
    INT32   desplazar e ir al estado 42
    FLT     desplazar e ir al estado 43
    STR     desplazar e ir al estado 44
    BREAK   desplazar e ir al estado 45
    DO      desplazar e ir al estado 46
    FOR     desplazar e ir al estado 47
    IF      desplazar e ir al estado 48
    RETURN  desplazar e ir al estado 49
    WHILE   desplazar e ir al estado 50
    '+'     desplazar e ir al estado 51
    '-'     desplazar e ir al estado 52
    '!'     desplazar e ir al estado 53
    '~'     desplazar e ir al estado 54
    PP      desplazar e ir al estado 55
    NN      desplazar e ir al estado 56
    '('     desplazar e ir al estado 57
    '{'     desplazar e ir al estado 58
    '}'     desplazar e ir al estado 137
    ';'     desplazar e ir al estado 60
    '$'     desplazar e ir al estado 61

    stmt  ir al estado 62
    expr  ir al estado 63


Estado 97

   73 expr: '$' INT8 .

    $default  reduce usando la regla 73 (expr)


Estado 98

   50 expr: expr OR . expr

    ID     desplazar e ir al estado 39
    INT8   desplazar e ir al estado 40
    INT16  desplazar e ir al estado 41
    INT32  desplazar e ir al estado 42
    FLT    desplazar e ir al estado 43
    STR    desplazar e ir al estado 44
    '+'    desplazar e ir al estado 51
    '-'    desplazar e ir al estado 52
    '!'    desplazar e ir al estado 53
    '~'    desplazar e ir al estado 54
    PP     desplazar e ir al estado 55
    NN     desplazar e ir al estado 56
    '('    desplazar e ir al estado 57
    '$'    desplazar e ir al estado 61

    expr  ir al estado 138


Estado 99

   51 expr: expr AN . expr

    ID     desplazar e ir al estado 39
    INT8   desplazar e ir al estado 40
    INT16  desplazar e ir al estado 41
    INT32  desplazar e ir al estado 42
    FLT    desplazar e ir al estado 43
    STR    desplazar e ir al estado 44
    '+'    desplazar e ir al estado 51
    '-'    desplazar e ir al estado 52
    '!'    desplazar e ir al estado 53
    '~'    desplazar e ir al estado 54
    PP     desplazar e ir al estado 55
    NN     desplazar e ir al estado 56
    '('    desplazar e ir al estado 57
    '$'    desplazar e ir al estado 61

    expr  ir al estado 139


Estado 100

   52 expr: expr '|' . expr

    ID     desplazar e ir al estado 39
    INT8   desplazar e ir al estado 40
    INT16  desplazar e ir al estado 41
    INT32  desplazar e ir al estado 42
    FLT    desplazar e ir al estado 43
    STR    desplazar e ir al estado 44
    '+'    desplazar e ir al estado 51
    '-'    desplazar e ir al estado 52
    '!'    desplazar e ir al estado 53
    '~'    desplazar e ir al estado 54
    PP     desplazar e ir al estado 55
    NN     desplazar e ir al estado 56
    '('    desplazar e ir al estado 57
    '$'    desplazar e ir al estado 61

    expr  ir al estado 140


Estado 101

   53 expr: expr '^' . expr

    ID     desplazar e ir al estado 39
    INT8   desplazar e ir al estado 40
    INT16  desplazar e ir al estado 41
    INT32  desplazar e ir al estado 42
    FLT    desplazar e ir al estado 43
    STR    desplazar e ir al estado 44
    '+'    desplazar e ir al estado 51
    '-'    desplazar e ir al estado 52
    '!'    desplazar e ir al estado 53
    '~'    desplazar e ir al estado 54
    PP     desplazar e ir al estado 55
    NN     desplazar e ir al estado 56
    '('    desplazar e ir al estado 57
    '$'    desplazar e ir al estado 61

    expr  ir al estado 141


Estado 102

   54 expr: expr '&' . expr

    ID     desplazar e ir al estado 39
    INT8   desplazar e ir al estado 40
    INT16  desplazar e ir al estado 41
    INT32  desplazar e ir al estado 42
    FLT    desplazar e ir al estado 43
    STR    desplazar e ir al estado 44
    '+'    desplazar e ir al estado 51
    '-'    desplazar e ir al estado 52
    '!'    desplazar e ir al estado 53
    '~'    desplazar e ir al estado 54
    PP     desplazar e ir al estado 55
    NN     desplazar e ir al estado 56
    '('    desplazar e ir al estado 57
    '$'    desplazar e ir al estado 61

    expr  ir al estado 142


Estado 103

   55 expr: expr EQ . expr

    ID     desplazar e ir al estado 39
    INT8   desplazar e ir al estado 40
    INT16  desplazar e ir al estado 41
    INT32  desplazar e ir al estado 42
    FLT    desplazar e ir al estado 43
    STR    desplazar e ir al estado 44
    '+'    desplazar e ir al estado 51
    '-'    desplazar e ir al estado 52
    '!'    desplazar e ir al estado 53
    '~'    desplazar e ir al estado 54
    PP     desplazar e ir al estado 55
    NN     desplazar e ir al estado 56
    '('    desplazar e ir al estado 57
    '$'    desplazar e ir al estado 61

    expr  ir al estado 143


Estado 104

   56 expr: expr NE . expr

    ID     desplazar e ir al estado 39
    INT8   desplazar e ir al estado 40
    INT16  desplazar e ir al estado 41
    INT32  desplazar e ir al estado 42
    FLT    desplazar e ir al estado 43
    STR    desplazar e ir al estado 44
    '+'    desplazar e ir al estado 51
    '-'    desplazar e ir al estado 52
    '!'    desplazar e ir al estado 53
    '~'    desplazar e ir al estado 54
    PP     desplazar e ir al estado 55
    NN     desplazar e ir al estado 56
    '('    desplazar e ir al estado 57
    '$'    desplazar e ir al estado 61

    expr  ir al estado 144


Estado 105

   59 expr: expr LE . expr

    ID     desplazar e ir al estado 39
    INT8   desplazar e ir al estado 40
    INT16  desplazar e ir al estado 41
    INT32  desplazar e ir al estado 42
    FLT    desplazar e ir al estado 43
    STR    desplazar e ir al estado 44
    '+'    desplazar e ir al estado 51
    '-'    desplazar e ir al estado 52
    '!'    desplazar e ir al estado 53
    '~'    desplazar e ir al estado 54
    PP     desplazar e ir al estado 55
    NN     desplazar e ir al estado 56
    '('    desplazar e ir al estado 57
    '$'    desplazar e ir al estado 61

    expr  ir al estado 145


Estado 106

   57 expr: expr '<' . expr

    ID     desplazar e ir al estado 39
    INT8   desplazar e ir al estado 40
    INT16  desplazar e ir al estado 41
    INT32  desplazar e ir al estado 42
    FLT    desplazar e ir al estado 43
    STR    desplazar e ir al estado 44
    '+'    desplazar e ir al estado 51
    '-'    desplazar e ir al estado 52
    '!'    desplazar e ir al estado 53
    '~'    desplazar e ir al estado 54
    PP     desplazar e ir al estado 55
    NN     desplazar e ir al estado 56
    '('    desplazar e ir al estado 57
    '$'    desplazar e ir al estado 61

    expr  ir al estado 146


Estado 107

   60 expr: expr GE . expr

    ID     desplazar e ir al estado 39
    INT8   desplazar e ir al estado 40
    INT16  desplazar e ir al estado 41
    INT32  desplazar e ir al estado 42
    FLT    desplazar e ir al estado 43
    STR    desplazar e ir al estado 44
    '+'    desplazar e ir al estado 51
    '-'    desplazar e ir al estado 52
    '!'    desplazar e ir al estado 53
    '~'    desplazar e ir al estado 54
    PP     desplazar e ir al estado 55
    NN     desplazar e ir al estado 56
    '('    desplazar e ir al estado 57
    '$'    desplazar e ir al estado 61

    expr  ir al estado 147


Estado 108

   58 expr: expr '>' . expr

    ID     desplazar e ir al estado 39
    INT8   desplazar e ir al estado 40
    INT16  desplazar e ir al estado 41
    INT32  desplazar e ir al estado 42
    FLT    desplazar e ir al estado 43
    STR    desplazar e ir al estado 44
    '+'    desplazar e ir al estado 51
    '-'    desplazar e ir al estado 52
    '!'    desplazar e ir al estado 53
    '~'    desplazar e ir al estado 54
    PP     desplazar e ir al estado 55
    NN     desplazar e ir al estado 56
    '('    desplazar e ir al estado 57
    '$'    desplazar e ir al estado 61

    expr  ir al estado 148


Estado 109

   61 expr: expr LS . expr

    ID     desplazar e ir al estado 39
    INT8   desplazar e ir al estado 40
    INT16  desplazar e ir al estado 41
    INT32  desplazar e ir al estado 42
    FLT    desplazar e ir al estado 43
    STR    desplazar e ir al estado 44
    '+'    desplazar e ir al estado 51
    '-'    desplazar e ir al estado 52
    '!'    desplazar e ir al estado 53
    '~'    desplazar e ir al estado 54
    PP     desplazar e ir al estado 55
    NN     desplazar e ir al estado 56
    '('    desplazar e ir al estado 57
    '$'    desplazar e ir al estado 61

    expr  ir al estado 149


Estado 110

   62 expr: expr RS . expr

    ID     desplazar e ir al estado 39
    INT8   desplazar e ir al estado 40
    INT16  desplazar e ir al estado 41
    INT32  desplazar e ir al estado 42
    FLT    desplazar e ir al estado 43
    STR    desplazar e ir al estado 44
    '+'    desplazar e ir al estado 51
    '-'    desplazar e ir al estado 52
    '!'    desplazar e ir al estado 53
    '~'    desplazar e ir al estado 54
    PP     desplazar e ir al estado 55
    NN     desplazar e ir al estado 56
    '('    desplazar e ir al estado 57
    '$'    desplazar e ir al estado 61

    expr  ir al estado 150


Estado 111

   63 expr: expr '+' . expr

    ID     desplazar e ir al estado 39
    INT8   desplazar e ir al estado 40
    INT16  desplazar e ir al estado 41
    INT32  desplazar e ir al estado 42
    FLT    desplazar e ir al estado 43
    STR    desplazar e ir al estado 44
    '+'    desplazar e ir al estado 51
    '-'    desplazar e ir al estado 52
    '!'    desplazar e ir al estado 53
    '~'    desplazar e ir al estado 54
    PP     desplazar e ir al estado 55
    NN     desplazar e ir al estado 56
    '('    desplazar e ir al estado 57
    '$'    desplazar e ir al estado 61

    expr  ir al estado 151


Estado 112

   64 expr: expr '-' . expr

    ID     desplazar e ir al estado 39
    INT8   desplazar e ir al estado 40
    INT16  desplazar e ir al estado 41
    INT32  desplazar e ir al estado 42
    FLT    desplazar e ir al estado 43
    STR    desplazar e ir al estado 44
    '+'    desplazar e ir al estado 51
    '-'    desplazar e ir al estado 52
    '!'    desplazar e ir al estado 53
    '~'    desplazar e ir al estado 54
    PP     desplazar e ir al estado 55
    NN     desplazar e ir al estado 56
    '('    desplazar e ir al estado 57
    '$'    desplazar e ir al estado 61

    expr  ir al estado 152


Estado 113

   65 expr: expr '*' . expr

    ID     desplazar e ir al estado 39
    INT8   desplazar e ir al estado 40
    INT16  desplazar e ir al estado 41
    INT32  desplazar e ir al estado 42
    FLT    desplazar e ir al estado 43
    STR    desplazar e ir al estado 44
    '+'    desplazar e ir al estado 51
    '-'    desplazar e ir al estado 52
    '!'    desplazar e ir al estado 53
    '~'    desplazar e ir al estado 54
    PP     desplazar e ir al estado 55
    NN     desplazar e ir al estado 56
    '('    desplazar e ir al estado 57
    '$'    desplazar e ir al estado 61

    expr  ir al estado 153


Estado 114

   66 expr: expr '/' . expr

    ID     desplazar e ir al estado 39
    INT8   desplazar e ir al estado 40
    INT16  desplazar e ir al estado 41
    INT32  desplazar e ir al estado 42
    FLT    desplazar e ir al estado 43
    STR    desplazar e ir al estado 44
    '+'    desplazar e ir al estado 51
    '-'    desplazar e ir al estado 52
    '!'    desplazar e ir al estado 53
    '~'    desplazar e ir al estado 54
    PP     desplazar e ir al estado 55
    NN     desplazar e ir al estado 56
    '('    desplazar e ir al estado 57
    '$'    desplazar e ir al estado 61

    expr  ir al estado 154


Estado 115

   67 expr: expr '%' . expr

    ID     desplazar e ir al estado 39
    INT8   desplazar e ir al estado 40
    INT16  desplazar e ir al estado 41
    INT32  desplazar e ir al estado 42
    FLT    desplazar e ir al estado 43
    STR    desplazar e ir al estado 44
    '+'    desplazar e ir al estado 51
    '-'    desplazar e ir al estado 52
    '!'    desplazar e ir al estado 53
    '~'    desplazar e ir al estado 54
    PP     desplazar e ir al estado 55
    NN     desplazar e ir al estado 56
    '('    desplazar e ir al estado 57
    '$'    desplazar e ir al estado 61

    expr  ir al estado 155


Estado 116

   27 stmt: expr ';' .

    $default  reduce usando la regla 27 (stmt)


Estado 117

   18 args: args ',' type ptr . ID

    ID  desplazar e ir al estado 156


Estado 118

   39 expr: ID '=' expr .
   50     | expr . OR expr
   51     | expr . AN expr
   52     | expr . '|' expr
   53     | expr . '^' expr
   54     | expr . '&' expr
   55     | expr . EQ expr
   56     | expr . NE expr
   57     | expr . '<' expr
   58     | expr . '>' expr
   59     | expr . LE expr
   60     | expr . GE expr
   61     | expr . LS expr
   62     | expr . RS expr
   63     | expr . '+' expr
   64     | expr . '-' expr
   65     | expr . '*' expr
   66     | expr . '/' expr
   67     | expr . '%' expr

    OR   desplazar e ir al estado 98
    AN   desplazar e ir al estado 99
    '|'  desplazar e ir al estado 100
    '^'  desplazar e ir al estado 101
    '&'  desplazar e ir al estado 102
    EQ   desplazar e ir al estado 103
    NE   desplazar e ir al estado 104
    LE   desplazar e ir al estado 105
    '<'  desplazar e ir al estado 106
    GE   desplazar e ir al estado 107
    '>'  desplazar e ir al estado 108
    LS   desplazar e ir al estado 109
    RS   desplazar e ir al estado 110
    '+'  desplazar e ir al estado 111
    '-'  desplazar e ir al estado 112
    '*'  desplazar e ir al estado 113
    '/'  desplazar e ir al estado 114
    '%'  desplazar e ir al estado 115

    $default  reduce usando la regla 39 (expr)


Estado 119

   40 expr: ID PA expr .
   50     | expr . OR expr
   51     | expr . AN expr
   52     | expr . '|' expr
   53     | expr . '^' expr
   54     | expr . '&' expr
   55     | expr . EQ expr
   56     | expr . NE expr
   57     | expr . '<' expr
   58     | expr . '>' expr
   59     | expr . LE expr
   60     | expr . GE expr
   61     | expr . LS expr
   62     | expr . RS expr
   63     | expr . '+' expr
   64     | expr . '-' expr
   65     | expr . '*' expr
   66     | expr . '/' expr
   67     | expr . '%' expr

    OR   desplazar e ir al estado 98
    AN   desplazar e ir al estado 99
    '|'  desplazar e ir al estado 100
    '^'  desplazar e ir al estado 101
    '&'  desplazar e ir al estado 102
    EQ   desplazar e ir al estado 103
    NE   desplazar e ir al estado 104
    LE   desplazar e ir al estado 105
    '<'  desplazar e ir al estado 106
    GE   desplazar e ir al estado 107
    '>'  desplazar e ir al estado 108
    LS   desplazar e ir al estado 109
    RS   desplazar e ir al estado 110
    '+'  desplazar e ir al estado 111
    '-'  desplazar e ir al estado 112
    '*'  desplazar e ir al estado 113
    '/'  desplazar e ir al estado 114
    '%'  desplazar e ir al estado 115

    $default  reduce usando la regla 40 (expr)


Estado 120

   41 expr: ID NA expr .
   50     | expr . OR expr
   51     | expr . AN expr
   52     | expr . '|' expr
   53     | expr . '^' expr
   54     | expr . '&' expr
   55     | expr . EQ expr
   56     | expr . NE expr
   57     | expr . '<' expr
   58     | expr . '>' expr
   59     | expr . LE expr
   60     | expr . GE expr
   61     | expr . LS expr
   62     | expr . RS expr
   63     | expr . '+' expr
   64     | expr . '-' expr
   65     | expr . '*' expr
   66     | expr . '/' expr
   67     | expr . '%' expr

    OR   desplazar e ir al estado 98
    AN   desplazar e ir al estado 99
    '|'  desplazar e ir al estado 100
    '^'  desplazar e ir al estado 101
    '&'  desplazar e ir al estado 102
    EQ   desplazar e ir al estado 103
    NE   desplazar e ir al estado 104
    LE   desplazar e ir al estado 105
    '<'  desplazar e ir al estado 106
    GE   desplazar e ir al estado 107
    '>'  desplazar e ir al estado 108
    LS   desplazar e ir al estado 109
    RS   desplazar e ir al estado 110
    '+'  desplazar e ir al estado 111
    '-'  desplazar e ir al estado 112
    '*'  desplazar e ir al estado 113
    '/'  desplazar e ir al estado 114
    '%'  desplazar e ir al estado 115

    $default  reduce usando la regla 41 (expr)


Estado 121

   42 expr: ID TA expr .
   50     | expr . OR expr
   51     | expr . AN expr
   52     | expr . '|' expr
   53     | expr . '^' expr
   54     | expr . '&' expr
   55     | expr . EQ expr
   56     | expr . NE expr
   57     | expr . '<' expr
   58     | expr . '>' expr
   59     | expr . LE expr
   60     | expr . GE expr
   61     | expr . LS expr
   62     | expr . RS expr
   63     | expr . '+' expr
   64     | expr . '-' expr
   65     | expr . '*' expr
   66     | expr . '/' expr
   67     | expr . '%' expr

    OR   desplazar e ir al estado 98
    AN   desplazar e ir al estado 99
    '|'  desplazar e ir al estado 100
    '^'  desplazar e ir al estado 101
    '&'  desplazar e ir al estado 102
    EQ   desplazar e ir al estado 103
    NE   desplazar e ir al estado 104
    LE   desplazar e ir al estado 105
    '<'  desplazar e ir al estado 106
    GE   desplazar e ir al estado 107
    '>'  desplazar e ir al estado 108
    LS   desplazar e ir al estado 109
    RS   desplazar e ir al estado 110
    '+'  desplazar e ir al estado 111
    '-'  desplazar e ir al estado 112
    '*'  desplazar e ir al estado 113
    '/'  desplazar e ir al estado 114
    '%'  desplazar e ir al estado 115

    $default  reduce usando la regla 42 (expr)


Estado 122

   43 expr: ID DA expr .
   50     | expr . OR expr
   51     | expr . AN expr
   52     | expr . '|' expr
   53     | expr . '^' expr
   54     | expr . '&' expr
   55     | expr . EQ expr
   56     | expr . NE expr
   57     | expr . '<' expr
   58     | expr . '>' expr
   59     | expr . LE expr
   60     | expr . GE expr
   61     | expr . LS expr
   62     | expr . RS expr
   63     | expr . '+' expr
   64     | expr . '-' expr
   65     | expr . '*' expr
   66     | expr . '/' expr
   67     | expr . '%' expr

    OR   desplazar e ir al estado 98
    AN   desplazar e ir al estado 99
    '|'  desplazar e ir al estado 100
    '^'  desplazar e ir al estado 101
    '&'  desplazar e ir al estado 102
    EQ   desplazar e ir al estado 103
    NE   desplazar e ir al estado 104
    LE   desplazar e ir al estado 105
    '<'  desplazar e ir al estado 106
    GE   desplazar e ir al estado 107
    '>'  desplazar e ir al estado 108
    LS   desplazar e ir al estado 109
    RS   desplazar e ir al estado 110
    '+'  desplazar e ir al estado 111
    '-'  desplazar e ir al estado 112
    '*'  desplazar e ir al estado 113
    '/'  desplazar e ir al estado 114
    '%'  desplazar e ir al estado 115

    $default  reduce usando la regla 43 (expr)


Estado 123

   44 expr: ID MA expr .
   50     | expr . OR expr
   51     | expr . AN expr
   52     | expr . '|' expr
   53     | expr . '^' expr
   54     | expr . '&' expr
   55     | expr . EQ expr
   56     | expr . NE expr
   57     | expr . '<' expr
   58     | expr . '>' expr
   59     | expr . LE expr
   60     | expr . GE expr
   61     | expr . LS expr
   62     | expr . RS expr
   63     | expr . '+' expr
   64     | expr . '-' expr
   65     | expr . '*' expr
   66     | expr . '/' expr
   67     | expr . '%' expr

    OR   desplazar e ir al estado 98
    AN   desplazar e ir al estado 99
    '|'  desplazar e ir al estado 100
    '^'  desplazar e ir al estado 101
    '&'  desplazar e ir al estado 102
    EQ   desplazar e ir al estado 103
    NE   desplazar e ir al estado 104
    LE   desplazar e ir al estado 105
    '<'  desplazar e ir al estado 106
    GE   desplazar e ir al estado 107
    '>'  desplazar e ir al estado 108
    LS   desplazar e ir al estado 109
    RS   desplazar e ir al estado 110
    '+'  desplazar e ir al estado 111
    '-'  desplazar e ir al estado 112
    '*'  desplazar e ir al estado 113
    '/'  desplazar e ir al estado 114
    '%'  desplazar e ir al estado 115

    $default  reduce usando la regla 44 (expr)


Estado 124

   45 expr: ID AA expr .
   50     | expr . OR expr
   51     | expr . AN expr
   52     | expr . '|' expr
   53     | expr . '^' expr
   54     | expr . '&' expr
   55     | expr . EQ expr
   56     | expr . NE expr
   57     | expr . '<' expr
   58     | expr . '>' expr
   59     | expr . LE expr
   60     | expr . GE expr
   61     | expr . LS expr
   62     | expr . RS expr
   63     | expr . '+' expr
   64     | expr . '-' expr
   65     | expr . '*' expr
   66     | expr . '/' expr
   67     | expr . '%' expr

    OR   desplazar e ir al estado 98
    AN   desplazar e ir al estado 99
    '|'  desplazar e ir al estado 100
    '^'  desplazar e ir al estado 101
    '&'  desplazar e ir al estado 102
    EQ   desplazar e ir al estado 103
    NE   desplazar e ir al estado 104
    LE   desplazar e ir al estado 105
    '<'  desplazar e ir al estado 106
    GE   desplazar e ir al estado 107
    '>'  desplazar e ir al estado 108
    LS   desplazar e ir al estado 109
    RS   desplazar e ir al estado 110
    '+'  desplazar e ir al estado 111
    '-'  desplazar e ir al estado 112
    '*'  desplazar e ir al estado 113
    '/'  desplazar e ir al estado 114
    '%'  desplazar e ir al estado 115

    $default  reduce usando la regla 45 (expr)


Estado 125

   46 expr: ID XA expr .
   50     | expr . OR expr
   51     | expr . AN expr
   52     | expr . '|' expr
   53     | expr . '^' expr
   54     | expr . '&' expr
   55     | expr . EQ expr
   56     | expr . NE expr
   57     | expr . '<' expr
   58     | expr . '>' expr
   59     | expr . LE expr
   60     | expr . GE expr
   61     | expr . LS expr
   62     | expr . RS expr
   63     | expr . '+' expr
   64     | expr . '-' expr
   65     | expr . '*' expr
   66     | expr . '/' expr
   67     | expr . '%' expr

    OR   desplazar e ir al estado 98
    AN   desplazar e ir al estado 99
    '|'  desplazar e ir al estado 100
    '^'  desplazar e ir al estado 101
    '&'  desplazar e ir al estado 102
    EQ   desplazar e ir al estado 103
    NE   desplazar e ir al estado 104
    LE   desplazar e ir al estado 105
    '<'  desplazar e ir al estado 106
    GE   desplazar e ir al estado 107
    '>'  desplazar e ir al estado 108
    LS   desplazar e ir al estado 109
    RS   desplazar e ir al estado 110
    '+'  desplazar e ir al estado 111
    '-'  desplazar e ir al estado 112
    '*'  desplazar e ir al estado 113
    '/'  desplazar e ir al estado 114
    '%'  desplazar e ir al estado 115

    $default  reduce usando la regla 46 (expr)


Estado 126

   47 expr: ID OA expr .
   50     | expr . OR expr
   51     | expr . AN expr
   52     | expr . '|' expr
   53     | expr . '^' expr
   54     | expr . '&' expr
   55     | expr . EQ expr
   56     | expr . NE expr
   57     | expr . '<' expr
   58     | expr . '>' expr
   59     | expr . LE expr
   60     | expr . GE expr
   61     | expr . LS expr
   62     | expr . RS expr
   63     | expr . '+' expr
   64     | expr . '-' expr
   65     | expr . '*' expr
   66     | expr . '/' expr
   67     | expr . '%' expr

    OR   desplazar e ir al estado 98
    AN   desplazar e ir al estado 99
    '|'  desplazar e ir al estado 100
    '^'  desplazar e ir al estado 101
    '&'  desplazar e ir al estado 102
    EQ   desplazar e ir al estado 103
    NE   desplazar e ir al estado 104
    LE   desplazar e ir al estado 105
    '<'  desplazar e ir al estado 106
    GE   desplazar e ir al estado 107
    '>'  desplazar e ir al estado 108
    LS   desplazar e ir al estado 109
    RS   desplazar e ir al estado 110
    '+'  desplazar e ir al estado 111
    '-'  desplazar e ir al estado 112
    '*'  desplazar e ir al estado 113
    '/'  desplazar e ir al estado 114
    '%'  desplazar e ir al estado 115

    $default  reduce usando la regla 47 (expr)


Estado 127

   48 expr: ID LA expr .
   50     | expr . OR expr
   51     | expr . AN expr
   52     | expr . '|' expr
   53     | expr . '^' expr
   54     | expr . '&' expr
   55     | expr . EQ expr
   56     | expr . NE expr
   57     | expr . '<' expr
   58     | expr . '>' expr
   59     | expr . LE expr
   60     | expr . GE expr
   61     | expr . LS expr
   62     | expr . RS expr
   63     | expr . '+' expr
   64     | expr . '-' expr
   65     | expr . '*' expr
   66     | expr . '/' expr
   67     | expr . '%' expr

    OR   desplazar e ir al estado 98
    AN   desplazar e ir al estado 99
    '|'  desplazar e ir al estado 100
    '^'  desplazar e ir al estado 101
    '&'  desplazar e ir al estado 102
    EQ   desplazar e ir al estado 103
    NE   desplazar e ir al estado 104
    LE   desplazar e ir al estado 105
    '<'  desplazar e ir al estado 106
    GE   desplazar e ir al estado 107
    '>'  desplazar e ir al estado 108
    LS   desplazar e ir al estado 109
    RS   desplazar e ir al estado 110
    '+'  desplazar e ir al estado 111
    '-'  desplazar e ir al estado 112
    '*'  desplazar e ir al estado 113
    '/'  desplazar e ir al estado 114
    '%'  desplazar e ir al estado 115

    $default  reduce usando la regla 48 (expr)


Estado 128

   49 expr: ID RA expr .
   50     | expr . OR expr
   51     | expr . AN expr
   52     | expr . '|' expr
   53     | expr . '^' expr
   54     | expr . '&' expr
   55     | expr . EQ expr
   56     | expr . NE expr
   57     | expr . '<' expr
   58     | expr . '>' expr
   59     | expr . LE expr
   60     | expr . GE expr
   61     | expr . LS expr
   62     | expr . RS expr
   63     | expr . '+' expr
   64     | expr . '-' expr
   65     | expr . '*' expr
   66     | expr . '/' expr
   67     | expr . '%' expr

    OR   desplazar e ir al estado 98
    AN   desplazar e ir al estado 99
    '|'  desplazar e ir al estado 100
    '^'  desplazar e ir al estado 101
    '&'  desplazar e ir al estado 102
    EQ   desplazar e ir al estado 103
    NE   desplazar e ir al estado 104
    LE   desplazar e ir al estado 105
    '<'  desplazar e ir al estado 106
    GE   desplazar e ir al estado 107
    '>'  desplazar e ir al estado 108
    LS   desplazar e ir al estado 109
    RS   desplazar e ir al estado 110
    '+'  desplazar e ir al estado 111
    '-'  desplazar e ir al estado 112
    '*'  desplazar e ir al estado 113
    '/'  desplazar e ir al estado 114
    '%'  desplazar e ir al estado 115

    $default  reduce usando la regla 49 (expr)


Estado 129

   37 exprs: exprs . ',' expr
   84 expr: ID '(' exprs . ')'

    ')'  desplazar e ir al estado 157
    ','  desplazar e ir al estado 158


Estado 130

   38 exprs: expr .
   50 expr: expr . OR expr
   51     | expr . AN expr
   52     | expr . '|' expr
   53     | expr . '^' expr
   54     | expr . '&' expr
   55     | expr . EQ expr
   56     | expr . NE expr
   57     | expr . '<' expr
   58     | expr . '>' expr
   59     | expr . LE expr
   60     | expr . GE expr
   61     | expr . LS expr
   62     | expr . RS expr
   63     | expr . '+' expr
   64     | expr . '-' expr
   65     | expr . '*' expr
   66     | expr . '/' expr
   67     | expr . '%' expr

    OR   desplazar e ir al estado 98
    AN   desplazar e ir al estado 99
    '|'  desplazar e ir al estado 100
    '^'  desplazar e ir al estado 101
    '&'  desplazar e ir al estado 102
    EQ   desplazar e ir al estado 103
    NE   desplazar e ir al estado 104
    LE   desplazar e ir al estado 105
    '<'  desplazar e ir al estado 106
    GE   desplazar e ir al estado 107
    '>'  desplazar e ir al estado 108
    LS   desplazar e ir al estado 109
    RS   desplazar e ir al estado 110
    '+'  desplazar e ir al estado 111
    '-'  desplazar e ir al estado 112
    '*'  desplazar e ir al estado 113
    '/'  desplazar e ir al estado 114
    '%'  desplazar e ir al estado 115

    $default  reduce usando la regla 38 (exprs)


Estado 131

   31 stmt: DO L stmt . WHILE '(' expr ')' M N L ';'

    WHILE  desplazar e ir al estado 159


Estado 132

   32 stmt: FOR '(' expr . P ';' L expr M N ';' L expr P N ')' L stmt N
   50 expr: expr . OR expr
   51     | expr . AN expr
   52     | expr . '|' expr
   53     | expr . '^' expr
   54     | expr . '&' expr
   55     | expr . EQ expr
   56     | expr . NE expr
   57     | expr . '<' expr
   58     | expr . '>' expr
   59     | expr . LE expr
   60     | expr . GE expr
   61     | expr . LS expr
   62     | expr . RS expr
   63     | expr . '+' expr
   64     | expr . '-' expr
   65     | expr . '*' expr
   66     | expr . '/' expr
   67     | expr . '%' expr

    OR   desplazar e ir al estado 98
    AN   desplazar e ir al estado 99
    '|'  desplazar e ir al estado 100
    '^'  desplazar e ir al estado 101
    '&'  desplazar e ir al estado 102
    EQ   desplazar e ir al estado 103
    NE   desplazar e ir al estado 104
    LE   desplazar e ir al estado 105
    '<'  desplazar e ir al estado 106
    GE   desplazar e ir al estado 107
    '>'  desplazar e ir al estado 108
    LS   desplazar e ir al estado 109
    RS   desplazar e ir al estado 110
    '+'  desplazar e ir al estado 111
    '-'  desplazar e ir al estado 112
    '*'  desplazar e ir al estado 113
    '/'  desplazar e ir al estado 114
    '%'  desplazar e ir al estado 115

    $default  reduce usando la regla 88 (P)

    P  ir al estado 160


Estado 133

   28 stmt: IF '(' expr . ')' M stmt L
   29     | IF '(' expr . ')' M stmt ELSE N L stmt L
   50 expr: expr . OR expr
   51     | expr . AN expr
   52     | expr . '|' expr
   53     | expr . '^' expr
   54     | expr . '&' expr
   55     | expr . EQ expr
   56     | expr . NE expr
   57     | expr . '<' expr
   58     | expr . '>' expr
   59     | expr . LE expr
   60     | expr . GE expr
   61     | expr . LS expr
   62     | expr . RS expr
   63     | expr . '+' expr
   64     | expr . '-' expr
   65     | expr . '*' expr
   66     | expr . '/' expr
   67     | expr . '%' expr

    OR   desplazar e ir al estado 98
    AN   desplazar e ir al estado 99
    '|'  desplazar e ir al estado 100
    '^'  desplazar e ir al estado 101
    '&'  desplazar e ir al estado 102
    EQ   desplazar e ir al estado 103
    NE   desplazar e ir al estado 104
    LE   desplazar e ir al estado 105
    '<'  desplazar e ir al estado 106
    GE   desplazar e ir al estado 107
    '>'  desplazar e ir al estado 108
    LS   desplazar e ir al estado 109
    RS   desplazar e ir al estado 110
    '+'  desplazar e ir al estado 111
    '-'  desplazar e ir al estado 112
    '*'  desplazar e ir al estado 113
    '/'  desplazar e ir al estado 114
    '%'  desplazar e ir al estado 115
    ')'  desplazar e ir al estado 161


Estado 134

   33 stmt: RETURN expr ';' .

    $default  reduce usando la regla 33 (stmt)


Estado 135

   30 stmt: WHILE '(' L . expr ')' M stmt N L

    ID     desplazar e ir al estado 39
    INT8   desplazar e ir al estado 40
    INT16  desplazar e ir al estado 41
    INT32  desplazar e ir al estado 42
    FLT    desplazar e ir al estado 43
    STR    desplazar e ir al estado 44
    '+'    desplazar e ir al estado 51
    '-'    desplazar e ir al estado 52
    '!'    desplazar e ir al estado 53
    '~'    desplazar e ir al estado 54
    PP     desplazar e ir al estado 55
    NN     desplazar e ir al estado 56
    '('    desplazar e ir al estado 57
    '$'    desplazar e ir al estado 61

    expr  ir al estado 162


Estado 136

   72 expr: '(' expr ')' .

    $default  reduce usando la regla 72 (expr)


Estado 137

   35 stmt: '{' stmts '}' .

    $default  reduce usando la regla 35 (stmt)


Estado 138

   50 expr: expr . OR expr
   50     | expr OR expr .
   51     | expr . AN expr
   52     | expr . '|' expr
   53     | expr . '^' expr
   54     | expr . '&' expr
   55     | expr . EQ expr
   56     | expr . NE expr
   57     | expr . '<' expr
   58     | expr . '>' expr
   59     | expr . LE expr
   60     | expr . GE expr
   61     | expr . LS expr
   62     | expr . RS expr
   63     | expr . '+' expr
   64     | expr . '-' expr
   65     | expr . '*' expr
   66     | expr . '/' expr
   67     | expr . '%' expr

    AN   desplazar e ir al estado 99
    '|'  desplazar e ir al estado 100
    '^'  desplazar e ir al estado 101
    '&'  desplazar e ir al estado 102
    EQ   desplazar e ir al estado 103
    NE   desplazar e ir al estado 104
    LE   desplazar e ir al estado 105
    '<'  desplazar e ir al estado 106
    GE   desplazar e ir al estado 107
    '>'  desplazar e ir al estado 108
    LS   desplazar e ir al estado 109
    RS   desplazar e ir al estado 110
    '+'  desplazar e ir al estado 111
    '-'  desplazar e ir al estado 112
    '*'  desplazar e ir al estado 113
    '/'  desplazar e ir al estado 114
    '%'  desplazar e ir al estado 115

    $default  reduce usando la regla 50 (expr)


Estado 139

   50 expr: expr . OR expr
   51     | expr . AN expr
   51     | expr AN expr .
   52     | expr . '|' expr
   53     | expr . '^' expr
   54     | expr . '&' expr
   55     | expr . EQ expr
   56     | expr . NE expr
   57     | expr . '<' expr
   58     | expr . '>' expr
   59     | expr . LE expr
   60     | expr . GE expr
   61     | expr . LS expr
   62     | expr . RS expr
   63     | expr . '+' expr
   64     | expr . '-' expr
   65     | expr . '*' expr
   66     | expr . '/' expr
   67     | expr . '%' expr

    '|'  desplazar e ir al estado 100
    '^'  desplazar e ir al estado 101
    '&'  desplazar e ir al estado 102
    EQ   desplazar e ir al estado 103
    NE   desplazar e ir al estado 104
    LE   desplazar e ir al estado 105
    '<'  desplazar e ir al estado 106
    GE   desplazar e ir al estado 107
    '>'  desplazar e ir al estado 108
    LS   desplazar e ir al estado 109
    RS   desplazar e ir al estado 110
    '+'  desplazar e ir al estado 111
    '-'  desplazar e ir al estado 112
    '*'  desplazar e ir al estado 113
    '/'  desplazar e ir al estado 114
    '%'  desplazar e ir al estado 115

    $default  reduce usando la regla 51 (expr)


Estado 140

   50 expr: expr . OR expr
   51     | expr . AN expr
   52     | expr . '|' expr
   52     | expr '|' expr .
   53     | expr . '^' expr
   54     | expr . '&' expr
   55     | expr . EQ expr
   56     | expr . NE expr
   57     | expr . '<' expr
   58     | expr . '>' expr
   59     | expr . LE expr
   60     | expr . GE expr
   61     | expr . LS expr
   62     | expr . RS expr
   63     | expr . '+' expr
   64     | expr . '-' expr
   65     | expr . '*' expr
   66     | expr . '/' expr
   67     | expr . '%' expr

    '^'  desplazar e ir al estado 101
    '&'  desplazar e ir al estado 102
    EQ   desplazar e ir al estado 103
    NE   desplazar e ir al estado 104
    LE   desplazar e ir al estado 105
    '<'  desplazar e ir al estado 106
    GE   desplazar e ir al estado 107
    '>'  desplazar e ir al estado 108
    LS   desplazar e ir al estado 109
    RS   desplazar e ir al estado 110
    '+'  desplazar e ir al estado 111
    '-'  desplazar e ir al estado 112
    '*'  desplazar e ir al estado 113
    '/'  desplazar e ir al estado 114
    '%'  desplazar e ir al estado 115

    $default  reduce usando la regla 52 (expr)


Estado 141

   50 expr: expr . OR expr
   51     | expr . AN expr
   52     | expr . '|' expr
   53     | expr . '^' expr
   53     | expr '^' expr .
   54     | expr . '&' expr
   55     | expr . EQ expr
   56     | expr . NE expr
   57     | expr . '<' expr
   58     | expr . '>' expr
   59     | expr . LE expr
   60     | expr . GE expr
   61     | expr . LS expr
   62     | expr . RS expr
   63     | expr . '+' expr
   64     | expr . '-' expr
   65     | expr . '*' expr
   66     | expr . '/' expr
   67     | expr . '%' expr

    '&'  desplazar e ir al estado 102
    EQ   desplazar e ir al estado 103
    NE   desplazar e ir al estado 104
    LE   desplazar e ir al estado 105
    '<'  desplazar e ir al estado 106
    GE   desplazar e ir al estado 107
    '>'  desplazar e ir al estado 108
    LS   desplazar e ir al estado 109
    RS   desplazar e ir al estado 110
    '+'  desplazar e ir al estado 111
    '-'  desplazar e ir al estado 112
    '*'  desplazar e ir al estado 113
    '/'  desplazar e ir al estado 114
    '%'  desplazar e ir al estado 115

    $default  reduce usando la regla 53 (expr)


Estado 142

   50 expr: expr . OR expr
   51     | expr . AN expr
   52     | expr . '|' expr
   53     | expr . '^' expr
   54     | expr . '&' expr
   54     | expr '&' expr .
   55     | expr . EQ expr
   56     | expr . NE expr
   57     | expr . '<' expr
   58     | expr . '>' expr
   59     | expr . LE expr
   60     | expr . GE expr
   61     | expr . LS expr
   62     | expr . RS expr
   63     | expr . '+' expr
   64     | expr . '-' expr
   65     | expr . '*' expr
   66     | expr . '/' expr
   67     | expr . '%' expr

    EQ   desplazar e ir al estado 103
    NE   desplazar e ir al estado 104
    LE   desplazar e ir al estado 105
    '<'  desplazar e ir al estado 106
    GE   desplazar e ir al estado 107
    '>'  desplazar e ir al estado 108
    LS   desplazar e ir al estado 109
    RS   desplazar e ir al estado 110
    '+'  desplazar e ir al estado 111
    '-'  desplazar e ir al estado 112
    '*'  desplazar e ir al estado 113
    '/'  desplazar e ir al estado 114
    '%'  desplazar e ir al estado 115

    $default  reduce usando la regla 54 (expr)


Estado 143

   50 expr: expr . OR expr
   51     | expr . AN expr
   52     | expr . '|' expr
   53     | expr . '^' expr
   54     | expr . '&' expr
   55     | expr . EQ expr
   55     | expr EQ expr .
   56     | expr . NE expr
   57     | expr . '<' expr
   58     | expr . '>' expr
   59     | expr . LE expr
   60     | expr . GE expr
   61     | expr . LS expr
   62     | expr . RS expr
   63     | expr . '+' expr
   64     | expr . '-' expr
   65     | expr . '*' expr
   66     | expr . '/' expr
   67     | expr . '%' expr

    LS   desplazar e ir al estado 109
    RS   desplazar e ir al estado 110
    '+'  desplazar e ir al estado 111
    '-'  desplazar e ir al estado 112
    '*'  desplazar e ir al estado 113
    '/'  desplazar e ir al estado 114
    '%'  desplazar e ir al estado 115

    $default  reduce usando la regla 55 (expr)


Estado 144

   50 expr: expr . OR expr
   51     | expr . AN expr
   52     | expr . '|' expr
   53     | expr . '^' expr
   54     | expr . '&' expr
   55     | expr . EQ expr
   56     | expr . NE expr
   56     | expr NE expr .
   57     | expr . '<' expr
   58     | expr . '>' expr
   59     | expr . LE expr
   60     | expr . GE expr
   61     | expr . LS expr
   62     | expr . RS expr
   63     | expr . '+' expr
   64     | expr . '-' expr
   65     | expr . '*' expr
   66     | expr . '/' expr
   67     | expr . '%' expr

    LS   desplazar e ir al estado 109
    RS   desplazar e ir al estado 110
    '+'  desplazar e ir al estado 111
    '-'  desplazar e ir al estado 112
    '*'  desplazar e ir al estado 113
    '/'  desplazar e ir al estado 114
    '%'  desplazar e ir al estado 115

    $default  reduce usando la regla 56 (expr)


Estado 145

   50 expr: expr . OR expr
   51     | expr . AN expr
   52     | expr . '|' expr
   53     | expr . '^' expr
   54     | expr . '&' expr
   55     | expr . EQ expr
   56     | expr . NE expr
   57     | expr . '<' expr
   58     | expr . '>' expr
   59     | expr . LE expr
   59     | expr LE expr .
   60     | expr . GE expr
   61     | expr . LS expr
   62     | expr . RS expr
   63     | expr . '+' expr
   64     | expr . '-' expr
   65     | expr . '*' expr
   66     | expr . '/' expr
   67     | expr . '%' expr

    LS   desplazar e ir al estado 109
    RS   desplazar e ir al estado 110
    '+'  desplazar e ir al estado 111
    '-'  desplazar e ir al estado 112
    '*'  desplazar e ir al estado 113
    '/'  desplazar e ir al estado 114
    '%'  desplazar e ir al estado 115

    $default  reduce usando la regla 59 (expr)


Estado 146

   50 expr: expr . OR expr
   51     | expr . AN expr
   52     | expr . '|' expr
   53     | expr . '^' expr
   54     | expr . '&' expr
   55     | expr . EQ expr
   56     | expr . NE expr
   57     | expr . '<' expr
   57     | expr '<' expr .
   58     | expr . '>' expr
   59     | expr . LE expr
   60     | expr . GE expr
   61     | expr . LS expr
   62     | expr . RS expr
   63     | expr . '+' expr
   64     | expr . '-' expr
   65     | expr . '*' expr
   66     | expr . '/' expr
   67     | expr . '%' expr

    LS   desplazar e ir al estado 109
    RS   desplazar e ir al estado 110
    '+'  desplazar e ir al estado 111
    '-'  desplazar e ir al estado 112
    '*'  desplazar e ir al estado 113
    '/'  desplazar e ir al estado 114
    '%'  desplazar e ir al estado 115

    $default  reduce usando la regla 57 (expr)


Estado 147

   50 expr: expr . OR expr
   51     | expr . AN expr
   52     | expr . '|' expr
   53     | expr . '^' expr
   54     | expr . '&' expr
   55     | expr . EQ expr
   56     | expr . NE expr
   57     | expr . '<' expr
   58     | expr . '>' expr
   59     | expr . LE expr
   60     | expr . GE expr
   60     | expr GE expr .
   61     | expr . LS expr
   62     | expr . RS expr
   63     | expr . '+' expr
   64     | expr . '-' expr
   65     | expr . '*' expr
   66     | expr . '/' expr
   67     | expr . '%' expr

    LS   desplazar e ir al estado 109
    RS   desplazar e ir al estado 110
    '+'  desplazar e ir al estado 111
    '-'  desplazar e ir al estado 112
    '*'  desplazar e ir al estado 113
    '/'  desplazar e ir al estado 114
    '%'  desplazar e ir al estado 115

    $default  reduce usando la regla 60 (expr)


Estado 148

   50 expr: expr . OR expr
   51     | expr . AN expr
   52     | expr . '|' expr
   53     | expr . '^' expr
   54     | expr . '&' expr
   55     | expr . EQ expr
   56     | expr . NE expr
   57     | expr . '<' expr
   58     | expr . '>' expr
   58     | expr '>' expr .
   59     | expr . LE expr
   60     | expr . GE expr
   61     | expr . LS expr
   62     | expr . RS expr
   63     | expr . '+' expr
   64     | expr . '-' expr
   65     | expr . '*' expr
   66     | expr . '/' expr
   67     | expr . '%' expr

    LS   desplazar e ir al estado 109
    RS   desplazar e ir al estado 110
    '+'  desplazar e ir al estado 111
    '-'  desplazar e ir al estado 112
    '*'  desplazar e ir al estado 113
    '/'  desplazar e ir al estado 114
    '%'  desplazar e ir al estado 115

    $default  reduce usando la regla 58 (expr)


Estado 149

   50 expr: expr . OR expr
   51     | expr . AN expr
   52     | expr . '|' expr
   53     | expr . '^' expr
   54     | expr . '&' expr
   55     | expr . EQ expr
   56     | expr . NE expr
   57     | expr . '<' expr
   58     | expr . '>' expr
   59     | expr . LE expr
   60     | expr . GE expr
   61     | expr . LS expr
   61     | expr LS expr .
   62     | expr . RS expr
   63     | expr . '+' expr
   64     | expr . '-' expr
   65     | expr . '*' expr
   66     | expr . '/' expr
   67     | expr . '%' expr

    '+'  desplazar e ir al estado 111
    '-'  desplazar e ir al estado 112
    '*'  desplazar e ir al estado 113
    '/'  desplazar e ir al estado 114
    '%'  desplazar e ir al estado 115

    $default  reduce usando la regla 61 (expr)


Estado 150

   50 expr: expr . OR expr
   51     | expr . AN expr
   52     | expr . '|' expr
   53     | expr . '^' expr
   54     | expr . '&' expr
   55     | expr . EQ expr
   56     | expr . NE expr
   57     | expr . '<' expr
   58     | expr . '>' expr
   59     | expr . LE expr
   60     | expr . GE expr
   61     | expr . LS expr
   62     | expr . RS expr
   62     | expr RS expr .
   63     | expr . '+' expr
   64     | expr . '-' expr
   65     | expr . '*' expr
   66     | expr . '/' expr
   67     | expr . '%' expr

    '+'  desplazar e ir al estado 111
    '-'  desplazar e ir al estado 112
    '*'  desplazar e ir al estado 113
    '/'  desplazar e ir al estado 114
    '%'  desplazar e ir al estado 115

    $default  reduce usando la regla 62 (expr)


Estado 151

   50 expr: expr . OR expr
   51     | expr . AN expr
   52     | expr . '|' expr
   53     | expr . '^' expr
   54     | expr . '&' expr
   55     | expr . EQ expr
   56     | expr . NE expr
   57     | expr . '<' expr
   58     | expr . '>' expr
   59     | expr . LE expr
   60     | expr . GE expr
   61     | expr . LS expr
   62     | expr . RS expr
   63     | expr . '+' expr
   63     | expr '+' expr .
   64     | expr . '-' expr
   65     | expr . '*' expr
   66     | expr . '/' expr
   67     | expr . '%' expr

    '*'  desplazar e ir al estado 113
    '/'  desplazar e ir al estado 114
    '%'  desplazar e ir al estado 115

    $default  reduce usando la regla 63 (expr)


Estado 152

   50 expr: expr . OR expr
   51     | expr . AN expr
   52     | expr . '|' expr
   53     | expr . '^' expr
   54     | expr . '&' expr
   55     | expr . EQ expr
   56     | expr . NE expr
   57     | expr . '<' expr
   58     | expr . '>' expr
   59     | expr . LE expr
   60     | expr . GE expr
   61     | expr . LS expr
   62     | expr . RS expr
   63     | expr . '+' expr
   64     | expr . '-' expr
   64     | expr '-' expr .
   65     | expr . '*' expr
   66     | expr . '/' expr
   67     | expr . '%' expr

    '*'  desplazar e ir al estado 113
    '/'  desplazar e ir al estado 114
    '%'  desplazar e ir al estado 115

    $default  reduce usando la regla 64 (expr)


Estado 153

   50 expr: expr . OR expr
   51     | expr . AN expr
   52     | expr . '|' expr
   53     | expr . '^' expr
   54     | expr . '&' expr
   55     | expr . EQ expr
   56     | expr . NE expr
   57     | expr . '<' expr
   58     | expr . '>' expr
   59     | expr . LE expr
   60     | expr . GE expr
   61     | expr . LS expr
   62     | expr . RS expr
   63     | expr . '+' expr
   64     | expr . '-' expr
   65     | expr . '*' expr
   65     | expr '*' expr .
   66     | expr . '/' expr
   67     | expr . '%' expr

    $default  reduce usando la regla 65 (expr)


Estado 154

   50 expr: expr . OR expr
   51     | expr . AN expr
   52     | expr . '|' expr
   53     | expr . '^' expr
   54     | expr . '&' expr
   55     | expr . EQ expr
   56     | expr . NE expr
   57     | expr . '<' expr
   58     | expr . '>' expr
   59     | expr . LE expr
   60     | expr . GE expr
   61     | expr . LS expr
   62     | expr . RS expr
   63     | expr . '+' expr
   64     | expr . '-' expr
   65     | expr . '*' expr
   66     | expr . '/' expr
   66     | expr '/' expr .
   67     | expr . '%' expr

    $default  reduce usando la regla 66 (expr)


Estado 155

   50 expr: expr . OR expr
   51     | expr . AN expr
   52     | expr . '|' expr
   53     | expr . '^' expr
   54     | expr . '&' expr
   55     | expr . EQ expr
   56     | expr . NE expr
   57     | expr . '<' expr
   58     | expr . '>' expr
   59     | expr . LE expr
   60     | expr . GE expr
   61     | expr . LS expr
   62     | expr . RS expr
   63     | expr . '+' expr
   64     | expr . '-' expr
   65     | expr . '*' expr
   66     | expr . '/' expr
   67     | expr . '%' expr
   67     | expr '%' expr .

    $default  reduce usando la regla 67 (expr)


Estado 156

   18 args: args ',' type ptr ID .

    $default  reduce usando la regla 18 (args)


Estado 157

   84 expr: ID '(' exprs ')' .

    $default  reduce usando la regla 84 (expr)


Estado 158

   37 exprs: exprs ',' . expr

    ID     desplazar e ir al estado 39
    INT8   desplazar e ir al estado 40
    INT16  desplazar e ir al estado 41
    INT32  desplazar e ir al estado 42
    FLT    desplazar e ir al estado 43
    STR    desplazar e ir al estado 44
    '+'    desplazar e ir al estado 51
    '-'    desplazar e ir al estado 52
    '!'    desplazar e ir al estado 53
    '~'    desplazar e ir al estado 54
    PP     desplazar e ir al estado 55
    NN     desplazar e ir al estado 56
    '('    desplazar e ir al estado 57
    '$'    desplazar e ir al estado 61

    expr  ir al estado 163


Estado 159

   31 stmt: DO L stmt WHILE . '(' expr ')' M N L ';'

    '('  desplazar e ir al estado 164


Estado 160

   32 stmt: FOR '(' expr P . ';' L expr M N ';' L expr P N ')' L stmt N

    ';'  desplazar e ir al estado 165


Estado 161

   28 stmt: IF '(' expr ')' . M stmt L
   29     | IF '(' expr ')' . M stmt ELSE N L stmt L

    $default  reduce usando la regla 86 (M)

    M  ir al estado 166


Estado 162

   30 stmt: WHILE '(' L expr . ')' M stmt N L
   50 expr: expr . OR expr
   51     | expr . AN expr
   52     | expr . '|' expr
   53     | expr . '^' expr
   54     | expr . '&' expr
   55     | expr . EQ expr
   56     | expr . NE expr
   57     | expr . '<' expr
   58     | expr . '>' expr
   59     | expr . LE expr
   60     | expr . GE expr
   61     | expr . LS expr
   62     | expr . RS expr
   63     | expr . '+' expr
   64     | expr . '-' expr
   65     | expr . '*' expr
   66     | expr . '/' expr
   67     | expr . '%' expr

    OR   desplazar e ir al estado 98
    AN   desplazar e ir al estado 99
    '|'  desplazar e ir al estado 100
    '^'  desplazar e ir al estado 101
    '&'  desplazar e ir al estado 102
    EQ   desplazar e ir al estado 103
    NE   desplazar e ir al estado 104
    LE   desplazar e ir al estado 105
    '<'  desplazar e ir al estado 106
    GE   desplazar e ir al estado 107
    '>'  desplazar e ir al estado 108
    LS   desplazar e ir al estado 109
    RS   desplazar e ir al estado 110
    '+'  desplazar e ir al estado 111
    '-'  desplazar e ir al estado 112
    '*'  desplazar e ir al estado 113
    '/'  desplazar e ir al estado 114
    '%'  desplazar e ir al estado 115
    ')'  desplazar e ir al estado 167


Estado 163

   37 exprs: exprs ',' expr .
   50 expr: expr . OR expr
   51     | expr . AN expr
   52     | expr . '|' expr
   53     | expr . '^' expr
   54     | expr . '&' expr
   55     | expr . EQ expr
   56     | expr . NE expr
   57     | expr . '<' expr
   58     | expr . '>' expr
   59     | expr . LE expr
   60     | expr . GE expr
   61     | expr . LS expr
   62     | expr . RS expr
   63     | expr . '+' expr
   64     | expr . '-' expr
   65     | expr . '*' expr
   66     | expr . '/' expr
   67     | expr . '%' expr

    OR   desplazar e ir al estado 98
    AN   desplazar e ir al estado 99
    '|'  desplazar e ir al estado 100
    '^'  desplazar e ir al estado 101
    '&'  desplazar e ir al estado 102
    EQ   desplazar e ir al estado 103
    NE   desplazar e ir al estado 104
    LE   desplazar e ir al estado 105
    '<'  desplazar e ir al estado 106
    GE   desplazar e ir al estado 107
    '>'  desplazar e ir al estado 108
    LS   desplazar e ir al estado 109
    RS   desplazar e ir al estado 110
    '+'  desplazar e ir al estado 111
    '-'  desplazar e ir al estado 112
    '*'  desplazar e ir al estado 113
    '/'  desplazar e ir al estado 114
    '%'  desplazar e ir al estado 115

    $default  reduce usando la regla 37 (exprs)


Estado 164

   31 stmt: DO L stmt WHILE '(' . expr ')' M N L ';'

    ID     desplazar e ir al estado 39
    INT8   desplazar e ir al estado 40
    INT16  desplazar e ir al estado 41
    INT32  desplazar e ir al estado 42
    FLT    desplazar e ir al estado 43
    STR    desplazar e ir al estado 44
    '+'    desplazar e ir al estado 51
    '-'    desplazar e ir al estado 52
    '!'    desplazar e ir al estado 53
    '~'    desplazar e ir al estado 54
    PP     desplazar e ir al estado 55
    NN     desplazar e ir al estado 56
    '('    desplazar e ir al estado 57
    '$'    desplazar e ir al estado 61

    expr  ir al estado 168


Estado 165

   32 stmt: FOR '(' expr P ';' . L expr M N ';' L expr P N ')' L stmt N

    $default  reduce usando la regla 85 (L)

    L  ir al estado 169


Estado 166

   28 stmt: IF '(' expr ')' M . stmt L
   29     | IF '(' expr ')' M . stmt ELSE N L stmt L

    error   desplazar e ir al estado 38
    ID      desplazar e ir al estado 39
    INT8    desplazar e ir al estado 40
    INT16   desplazar e ir al estado 41
    INT32   desplazar e ir al estado 42
    FLT     desplazar e ir al estado 43
    STR     desplazar e ir al estado 44
    BREAK   desplazar e ir al estado 45
    DO      desplazar e ir al estado 46
    FOR     desplazar e ir al estado 47
    IF      desplazar e ir al estado 48
    RETURN  desplazar e ir al estado 49
    WHILE   desplazar e ir al estado 50
    '+'     desplazar e ir al estado 51
    '-'     desplazar e ir al estado 52
    '!'     desplazar e ir al estado 53
    '~'     desplazar e ir al estado 54
    PP      desplazar e ir al estado 55
    NN      desplazar e ir al estado 56
    '('     desplazar e ir al estado 57
    '{'     desplazar e ir al estado 58
    ';'     desplazar e ir al estado 60
    '$'     desplazar e ir al estado 61

    stmt  ir al estado 170
    expr  ir al estado 63


Estado 167

   30 stmt: WHILE '(' L expr ')' . M stmt N L

    $default  reduce usando la regla 86 (M)

    M  ir al estado 171


Estado 168

   31 stmt: DO L stmt WHILE '(' expr . ')' M N L ';'
   50 expr: expr . OR expr
   51     | expr . AN expr
   52     | expr . '|' expr
   53     | expr . '^' expr
   54     | expr . '&' expr
   55     | expr . EQ expr
   56     | expr . NE expr
   57     | expr . '<' expr
   58     | expr . '>' expr
   59     | expr . LE expr
   60     | expr . GE expr
   61     | expr . LS expr
   62     | expr . RS expr
   63     | expr . '+' expr
   64     | expr . '-' expr
   65     | expr . '*' expr
   66     | expr . '/' expr
   67     | expr . '%' expr

    OR   desplazar e ir al estado 98
    AN   desplazar e ir al estado 99
    '|'  desplazar e ir al estado 100
    '^'  desplazar e ir al estado 101
    '&'  desplazar e ir al estado 102
    EQ   desplazar e ir al estado 103
    NE   desplazar e ir al estado 104
    LE   desplazar e ir al estado 105
    '<'  desplazar e ir al estado 106
    GE   desplazar e ir al estado 107
    '>'  desplazar e ir al estado 108
    LS   desplazar e ir al estado 109
    RS   desplazar e ir al estado 110
    '+'  desplazar e ir al estado 111
    '-'  desplazar e ir al estado 112
    '*'  desplazar e ir al estado 113
    '/'  desplazar e ir al estado 114
    '%'  desplazar e ir al estado 115
    ')'  desplazar e ir al estado 172


Estado 169

   32 stmt: FOR '(' expr P ';' L . expr M N ';' L expr P N ')' L stmt N

    ID     desplazar e ir al estado 39
    INT8   desplazar e ir al estado 40
    INT16  desplazar e ir al estado 41
    INT32  desplazar e ir al estado 42
    FLT    desplazar e ir al estado 43
    STR    desplazar e ir al estado 44
    '+'    desplazar e ir al estado 51
    '-'    desplazar e ir al estado 52
    '!'    desplazar e ir al estado 53
    '~'    desplazar e ir al estado 54
    PP     desplazar e ir al estado 55
    NN     desplazar e ir al estado 56
    '('    desplazar e ir al estado 57
    '$'    desplazar e ir al estado 61

    expr  ir al estado 173


Estado 170

   28 stmt: IF '(' expr ')' M stmt . L
   29     | IF '(' expr ')' M stmt . ELSE N L stmt L

    ELSE  desplazar e ir al estado 174

    ELSE      [reduce usando la regla 85 (L)]
    $default  reduce usando la regla 85 (L)

    L  ir al estado 175


Estado 171

   30 stmt: WHILE '(' L expr ')' M . stmt N L

    error   desplazar e ir al estado 38
    ID      desplazar e ir al estado 39
    INT8    desplazar e ir al estado 40
    INT16   desplazar e ir al estado 41
    INT32   desplazar e ir al estado 42
    FLT     desplazar e ir al estado 43
    STR     desplazar e ir al estado 44
    BREAK   desplazar e ir al estado 45
    DO      desplazar e ir al estado 46
    FOR     desplazar e ir al estado 47
    IF      desplazar e ir al estado 48
    RETURN  desplazar e ir al estado 49
    WHILE   desplazar e ir al estado 50
    '+'     desplazar e ir al estado 51
    '-'     desplazar e ir al estado 52
    '!'     desplazar e ir al estado 53
    '~'     desplazar e ir al estado 54
    PP      desplazar e ir al estado 55
    NN      desplazar e ir al estado 56
    '('     desplazar e ir al estado 57
    '{'     desplazar e ir al estado 58
    ';'     desplazar e ir al estado 60
    '$'     desplazar e ir al estado 61

    stmt  ir al estado 176
    expr  ir al estado 63


Estado 172

   31 stmt: DO L stmt WHILE '(' expr ')' . M N L ';'

    $default  reduce usando la regla 86 (M)

    M  ir al estado 177


Estado 173

   32 stmt: FOR '(' expr P ';' L expr . M N ';' L expr P N ')' L stmt N
   50 expr: expr . OR expr
   51     | expr . AN expr
   52     | expr . '|' expr
   53     | expr . '^' expr
   54     | expr . '&' expr
   55     | expr . EQ expr
   56     | expr . NE expr
   57     | expr . '<' expr
   58     | expr . '>' expr
   59     | expr . LE expr
   60     | expr . GE expr
   61     | expr . LS expr
   62     | expr . RS expr
   63     | expr . '+' expr
   64     | expr . '-' expr
   65     | expr . '*' expr
   66     | expr . '/' expr
   67     | expr . '%' expr

    OR   desplazar e ir al estado 98
    AN   desplazar e ir al estado 99
    '|'  desplazar e ir al estado 100
    '^'  desplazar e ir al estado 101
    '&'  desplazar e ir al estado 102
    EQ   desplazar e ir al estado 103
    NE   desplazar e ir al estado 104
    LE   desplazar e ir al estado 105
    '<'  desplazar e ir al estado 106
    GE   desplazar e ir al estado 107
    '>'  desplazar e ir al estado 108
    LS   desplazar e ir al estado 109
    RS   desplazar e ir al estado 110
    '+'  desplazar e ir al estado 111
    '-'  desplazar e ir al estado 112
    '*'  desplazar e ir al estado 113
    '/'  desplazar e ir al estado 114
    '%'  desplazar e ir al estado 115

    $default  reduce usando la regla 86 (M)

    M  ir al estado 178


Estado 174

   29 stmt: IF '(' expr ')' M stmt ELSE . N L stmt L

    $default  reduce usando la regla 87 (N)

    N  ir al estado 179


Estado 175

   28 stmt: IF '(' expr ')' M stmt L .

    $default  reduce usando la regla 28 (stmt)


Estado 176

   30 stmt: WHILE '(' L expr ')' M stmt . N L

    $default  reduce usando la regla 87 (N)

    N  ir al estado 180


Estado 177

   31 stmt: DO L stmt WHILE '(' expr ')' M . N L ';'

    $default  reduce usando la regla 87 (N)

    N  ir al estado 181


Estado 178

   32 stmt: FOR '(' expr P ';' L expr M . N ';' L expr P N ')' L stmt N

    $default  reduce usando la regla 87 (N)

    N  ir al estado 182


Estado 179

   29 stmt: IF '(' expr ')' M stmt ELSE N . L stmt L

    $default  reduce usando la regla 85 (L)

    L  ir al estado 183


Estado 180

   30 stmt: WHILE '(' L expr ')' M stmt N . L

    $default  reduce usando la regla 85 (L)

    L  ir al estado 184


Estado 181

   31 stmt: DO L stmt WHILE '(' expr ')' M N . L ';'

    $default  reduce usando la regla 85 (L)

    L  ir al estado 185


Estado 182

   32 stmt: FOR '(' expr P ';' L expr M N . ';' L expr P N ')' L stmt N

    ';'  desplazar e ir al estado 186


Estado 183

   29 stmt: IF '(' expr ')' M stmt ELSE N L . stmt L

    error   desplazar e ir al estado 38
    ID      desplazar e ir al estado 39
    INT8    desplazar e ir al estado 40
    INT16   desplazar e ir al estado 41
    INT32   desplazar e ir al estado 42
    FLT     desplazar e ir al estado 43
    STR     desplazar e ir al estado 44
    BREAK   desplazar e ir al estado 45
    DO      desplazar e ir al estado 46
    FOR     desplazar e ir al estado 47
    IF      desplazar e ir al estado 48
    RETURN  desplazar e ir al estado 49
    WHILE   desplazar e ir al estado 50
    '+'     desplazar e ir al estado 51
    '-'     desplazar e ir al estado 52
    '!'     desplazar e ir al estado 53
    '~'     desplazar e ir al estado 54
    PP      desplazar e ir al estado 55
    NN      desplazar e ir al estado 56
    '('     desplazar e ir al estado 57
    '{'     desplazar e ir al estado 58
    ';'     desplazar e ir al estado 60
    '$'     desplazar e ir al estado 61

    stmt  ir al estado 187
    expr  ir al estado 63


Estado 184

   30 stmt: WHILE '(' L expr ')' M stmt N L .

    $default  reduce usando la regla 30 (stmt)


Estado 185

   31 stmt: DO L stmt WHILE '(' expr ')' M N L . ';'

    ';'  desplazar e ir al estado 188


Estado 186

   32 stmt: FOR '(' expr P ';' L expr M N ';' . L expr P N ')' L stmt N

    $default  reduce usando la regla 85 (L)

    L  ir al estado 189


Estado 187

   29 stmt: IF '(' expr ')' M stmt ELSE N L stmt . L

    $default  reduce usando la regla 85 (L)

    L  ir al estado 190


Estado 188

   31 stmt: DO L stmt WHILE '(' expr ')' M N L ';' .

    $default  reduce usando la regla 31 (stmt)


Estado 189

   32 stmt: FOR '(' expr P ';' L expr M N ';' L . expr P N ')' L stmt N

    ID     desplazar e ir al estado 39
    INT8   desplazar e ir al estado 40
    INT16  desplazar e ir al estado 41
    INT32  desplazar e ir al estado 42
    FLT    desplazar e ir al estado 43
    STR    desplazar e ir al estado 44
    '+'    desplazar e ir al estado 51
    '-'    desplazar e ir al estado 52
    '!'    desplazar e ir al estado 53
    '~'    desplazar e ir al estado 54
    PP     desplazar e ir al estado 55
    NN     desplazar e ir al estado 56
    '('    desplazar e ir al estado 57
    '$'    desplazar e ir al estado 61

    expr  ir al estado 191


Estado 190

   29 stmt: IF '(' expr ')' M stmt ELSE N L stmt L .

    $default  reduce usando la regla 29 (stmt)


Estado 191

   32 stmt: FOR '(' expr P ';' L expr M N ';' L expr . P N ')' L stmt N
   50 expr: expr . OR expr
   51     | expr . AN expr
   52     | expr . '|' expr
   53     | expr . '^' expr
   54     | expr . '&' expr
   55     | expr . EQ expr
   56     | expr . NE expr
   57     | expr . '<' expr
   58     | expr . '>' expr
   59     | expr . LE expr
   60     | expr . GE expr
   61     | expr . LS expr
   62     | expr . RS expr
   63     | expr . '+' expr
   64     | expr . '-' expr
   65     | expr . '*' expr
   66     | expr . '/' expr
   67     | expr . '%' expr

    OR   desplazar e ir al estado 98
    AN   desplazar e ir al estado 99
    '|'  desplazar e ir al estado 100
    '^'  desplazar e ir al estado 101
    '&'  desplazar e ir al estado 102
    EQ   desplazar e ir al estado 103
    NE   desplazar e ir al estado 104
    LE   desplazar e ir al estado 105
    '<'  desplazar e ir al estado 106
    GE   desplazar e ir al estado 107
    '>'  desplazar e ir al estado 108
    LS   desplazar e ir al estado 109
    RS   desplazar e ir al estado 110
    '+'  desplazar e ir al estado 111
    '-'  desplazar e ir al estado 112
    '*'  desplazar e ir al estado 113
    '/'  desplazar e ir al estado 114
    '%'  desplazar e ir al estado 115

    $default  reduce usando la regla 88 (P)

    P  ir al estado 192


Estado 192

   32 stmt: FOR '(' expr P ';' L expr M N ';' L expr P . N ')' L stmt N

    $default  reduce usando la regla 87 (N)

    N  ir al estado 193


Estado 193

   32 stmt: FOR '(' expr P ';' L expr M N ';' L expr P N . ')' L stmt N

    ')'  desplazar e ir al estado 194


Estado 194

   32 stmt: FOR '(' expr P ';' L expr M N ';' L expr P N ')' . L stmt N

    $default  reduce usando la regla 85 (L)

    L  ir al estado 195


Estado 195

   32 stmt: FOR '(' expr P ';' L expr M N ';' L expr P N ')' L . stmt N

    error   desplazar e ir al estado 38
    ID      desplazar e ir al estado 39
    INT8    desplazar e ir al estado 40
    INT16   desplazar e ir al estado 41
    INT32   desplazar e ir al estado 42
    FLT     desplazar e ir al estado 43
    STR     desplazar e ir al estado 44
    BREAK   desplazar e ir al estado 45
    DO      desplazar e ir al estado 46
    FOR     desplazar e ir al estado 47
    IF      desplazar e ir al estado 48
    RETURN  desplazar e ir al estado 49
    WHILE   desplazar e ir al estado 50
    '+'     desplazar e ir al estado 51
    '-'     desplazar e ir al estado 52
    '!'     desplazar e ir al estado 53
    '~'     desplazar e ir al estado 54
    PP      desplazar e ir al estado 55
    NN      desplazar e ir al estado 56
    '('     desplazar e ir al estado 57
    '{'     desplazar e ir al estado 58
    ';'     desplazar e ir al estado 60
    '$'     desplazar e ir al estado 61

    stmt  ir al estado 196
    expr  ir al estado 63


Estado 196

   32 stmt: FOR '(' expr P ';' L expr M N ';' L expr P N ')' L stmt . N

    $default  reduce usando la regla 87 (N)

    N  ir al estado 197


Estado 197

   32 stmt: FOR '(' expr P ';' L expr M N ';' L expr P N ')' L stmt N .

    $default  reduce usando la regla 32 (stmt)
